#
# There is insufficient memory for the Java Runtime Environment to continue.
# Native memory allocation (mmap) failed to map 64061440 bytes for committing reserved memory.
# Possible reasons:
#   The system is out of physical RAM or swap space
#   In 32 bit mode, the process size limit was hit
# Possible solutions:
#   Reduce memory load on the system
#   Increase physical memory or swap space
#   Check if swap backing store is full
#   Use 64 bit Java on a 64 bit OS
#   Decrease Java heap size (-Xmx/-Xms)
#   Decrease number of Java threads
#   Decrease Java thread stack sizes (-Xss)
#   Set larger code cache with -XX:ReservedCodeCacheSize=
# This output file may be truncated or incomplete.
#
#  Out of Memory Error (os_linux.cpp:2627), pid=3604, tid=0x00007f57019eb700
#
# JRE version: Java(TM) SE Runtime Environment (8.0_121-b13) (build 1.8.0_121-b13)
# Java VM: Java HotSpot(TM) 64-Bit Server VM (25.121-b13 mixed mode linux-amd64 compressed oops)
# Failed to write core dump. Core dumps have been disabled. To enable core dumping, try "ulimit -c unlimited" before starting Java again
#

---------------  T H R E A D  ---------------

Current thread (0x00007f56fc06e000):  VMThread [stack: 0x00007f57018eb000,0x00007f57019ec000] [id=3609]

Stack: [0x00007f57018eb000,0x00007f57019ec000],  sp=0x00007f57019ea210,  free space=1020k
Native frames: (J=compiled Java code, j=interpreted, Vv=VM code, C=native code)
V  [libjvm.so+0xac703a]  VMError::report_and_die()+0x2ba
V  [libjvm.so+0x4fc7eb]  report_vm_out_of_memory(char const*, int, unsigned long, VMErrorType, char const*)+0x8b
V  [libjvm.so+0x923c43]  os::Linux::commit_memory_impl(char*, unsigned long, bool)+0x103
V  [libjvm.so+0x924199]  os::pd_commit_memory(char*, unsigned long, unsigned long, bool)+0x29
V  [libjvm.so+0x91e4aa]  os::commit_memory(char*, unsigned long, unsigned long, bool)+0x2a
V  [libjvm.so+0xac2d99]  VirtualSpace::expand_by(unsigned long, bool)+0x199
V  [libjvm.so+0x5f9b75]  OneContigSpaceCardGeneration::grow_by(unsigned long)+0x25
V  [libjvm.so+0x5f9f3f]  CardGeneration::expand(unsigned long, unsigned long)+0x6f
V  [libjvm.so+0x5f9fee]  OneContigSpaceCardGeneration::expand(unsigned long, unsigned long)+0x3e
V  [libjvm.so+0x5eb2a4]  GenCollectedHeap::do_collection(bool, bool, unsigned long, bool, int)+0x734
V  [libjvm.so+0x487804]  GenCollectorPolicy::satisfy_failed_allocation(unsigned long, bool)+0x134
V  [libjvm.so+0xac8044]  VM_GenCollectForAllocation::doit()+0x94
V  [libjvm.so+0xad0535]  VM_Operation::evaluate()+0x55
V  [libjvm.so+0xace90a]  VMThread::evaluate_operation(VM_Operation*)+0xba
V  [libjvm.so+0xacec8e]  VMThread::loop()+0x1ce
V  [libjvm.so+0xacf100]  VMThread::run()+0x70
V  [libjvm.so+0x926268]  java_start(Thread*)+0x108

VM_Operation (0x00007f56c4abcd10): GenCollectForAllocation, mode: safepoint, requested by thread 0x00007f56b800b800


---------------  P R O C E S S  ---------------

Java Threads: ( => current thread )
  0x00007f56b800c000 JavaThread "pool-23-thread-4" [_thread_blocked, id=3693, stack(0x00007f56c42b9000,0x00007f56c43ba000)]
  0x00007f56b800b800 JavaThread "pool-23-thread-3" [_thread_blocked, id=3692, stack(0x00007f56c49be000,0x00007f56c4abf000)]
  0x00007f56b800a800 JavaThread "pool-23-thread-2" [_thread_blocked, id=3691, stack(0x00007f56c4bc0000,0x00007f56c4cc1000)]
  0x00007f56b800a000 JavaThread "pool-24-thread-1" [_thread_blocked, id=3690, stack(0x00007f56c41af000,0x00007f56c42b0000)]
  0x00007f56b8009000 JavaThread "pool-23-thread-1" [_thread_blocked, id=3689, stack(0x00007f56c4cc1000,0x00007f56c4dc2000)]
  0x00007f56bc014000 JavaThread "pool-4-thread-4" [_thread_blocked, id=3654, stack(0x00007f56c4dc2000,0x00007f56c4ec3000)]
  0x00007f56bc061000 JavaThread "pool-4-thread-3" [_thread_blocked, id=3648, stack(0x00007f56c4abf000,0x00007f56c4bc0000)]
  0x00007f56bc05f000 JavaThread "pool-4-thread-2" [_thread_blocked, id=3637, stack(0x00007f56c4ec4000,0x00007f56c4fc5000)]
  0x00007f56c0043800 JavaThread "pool-4-thread-1" [_thread_blocked, id=3636, stack(0x00007f56c4fc5000,0x00007f56c50c6000)]
  0x00007f56ace2b000 JavaThread "pool-3-thread-2" [_thread_blocked, id=3635, stack(0x00007f56c50c6000,0x00007f56c51c7000)]
  0x00007f56ace2a000 JavaThread "pool-3-thread-1" [_thread_blocked, id=3634, stack(0x00007f56c51c7000,0x00007f56c52c8000)]
  0x00007f56aca92800 JavaThread "File lock request listener" [_thread_in_native, id=3629, stack(0x00007f56c6a47000,0x00007f56c6b48000)]
  0x00007f56ac9ef800 JavaThread "process reaper" daemon [_thread_blocked, id=3628, stack(0x00007f56ec005000,0x00007f56ec03e000)]
  0x00007f56ac009000 JavaThread "Stdin handler" [_thread_blocked, id=3626, stack(0x00007f56c77fa000,0x00007f56c78fb000)]
  0x00007f56ac00b000 JavaThread "Asynchronous log dispatcher for org.gradle.launcher.daemon.server.DefaultDaemonConnection@5be7eb0b" [_thread_blocked, id=3625, stack(0x00007f56c78fb000,0x00007f56c79fc000)]
  0x00007f56bc007000 JavaThread "Daemon worker" [_thread_blocked, id=3622, stack(0x00007f56c79fc000,0x00007f56c7afd000)]
  0x00007f56bc009000 JavaThread "Cancel handler" [_thread_blocked, id=3621, stack(0x00007f56c7afd000,0x00007f56c7bfe000)]
  0x00007f56bc003800 JavaThread "Handler for socket connection from /127.0.0.1:36091 to /127.0.0.1:47662" [_thread_in_native, id=3620, stack(0x00007f56c7bfe000,0x00007f56c7cff000)]
  0x00007f56c0014000 JavaThread "Daemon" [_thread_blocked, id=3619, stack(0x00007f56c7cff000,0x00007f56c7e00000)]
  0x00007f56fcb30800 JavaThread "Incoming local TCP Connector on port 36091" [_thread_in_native, id=3618, stack(0x00007f56ec046000,0x00007f56ec147000)]
  0x00007f56fcb23800 JavaThread "pool-1-thread-1" [_thread_blocked, id=3617, stack(0x00007f56ec147000,0x00007f56ec248000)]
  0x00007f56fc0b4000 JavaThread "Service Thread" daemon [_thread_blocked, id=3615, stack(0x00007f5700829000,0x00007f570092a000)]
  0x00007f56fc0b1000 JavaThread "C1 CompilerThread1" daemon [_thread_blocked, id=3614, stack(0x00007f570092a000,0x00007f5700a2b000)]
  0x00007f56fc0ae800 JavaThread "C2 CompilerThread0" daemon [_thread_blocked, id=3613, stack(0x00007f5700a2b000,0x00007f5700b2c000)]
  0x00007f56fc0ad800 JavaThread "Signal Dispatcher" daemon [_thread_blocked, id=3612, stack(0x00007f5700b2c000,0x00007f5700c2d000)]
  0x00007f56fc07a800 JavaThread "Finalizer" daemon [_thread_blocked, id=3611, stack(0x00007f57016e9000,0x00007f57017ea000)]
  0x00007f56fc076000 JavaThread "Reference Handler" daemon [_thread_blocked, id=3610, stack(0x00007f57017ea000,0x00007f57018eb000)]
  0x00007f56fc00a000 JavaThread "main" [_thread_blocked, id=3606, stack(0x00007f5705d46000,0x00007f5705e47000)]

Other Threads:
=>0x00007f56fc06e000 VMThread [stack: 0x00007f57018eb000,0x00007f57019ec000] [id=3609]
  0x00007f56fc0b7000 WatcherThread [stack: 0x00007f5700728000,0x00007f5700829000] [id=3616]

VM state:at safepoint (normal execution)

VM Mutex/Monitor currently owned by a thread:  ([mutex/lock_event])
[0x00007f56fc006230] Threads_lock - owner thread: 0x00007f56fc06e000
[0x00007f56fc006730] Heap_lock - owner thread: 0x00007f56b800b800

Heap:
 def new generation   total 74048K, used 0K [0x0000000080000000, 0x0000000085050000, 0x00000000aaaa0000)
  eden space 65856K,   0% used [0x0000000080000000, 0x0000000080000000, 0x0000000084050000)
  from space 8192K,   0% used [0x0000000084050000, 0x0000000084050000, 0x0000000084850000)
  to   space 8192K,   0% used [0x0000000084850000, 0x0000000084850000, 0x0000000085050000)
 tenured generation   total 164936K, used 136495K [0x00000000aaaa0000, 0x00000000b4bb2000, 0x0000000100000000)
   the space 164936K,  82% used [0x00000000aaaa0000, 0x00000000b2febf10, 0x00000000b2fec000, 0x00000000b4bb2000)
 Metaspace       used 53604K, capacity 55160K, committed 55424K, reserved 1097728K
  class space    used 7155K, capacity 7541K, committed 7552K, reserved 1048576K

Card table byte_map: [0x00007f57026e6000,0x00007f5702ae7000] byte_map_base: 0x00007f57022e6000

Polling page: 0x00007f5705e61000

CodeCache: size=245760Kb used=24120Kb max_used=24178Kb free=221639Kb
 bounds [0x00007f56ed000000, 0x00007f56ee800000, 0x00007f56fc000000]
 total_blobs=8379 nmethods=7664 adapters=628
 compilation: enabled

Compilation events (10 events):
Event: 53.710 Thread 0x00007f56fc0b1000 9819       2       com.android.dx.dex.file.FieldAnnotationStruct::<init> (43 bytes)
Event: 53.711 Thread 0x00007f56fc0b1000 nmethod 9819 0x00007f56ed6a0850 code [0x00007f56ed6a09e0, 0x00007f56ed6a0cb8]
Event: 53.723 Thread 0x00007f56fc0b1000 9820       2       com.android.dx.dex.code.OddSpacer::<init> (9 bytes)
Event: 53.723 Thread 0x00007f56fc0b1000 nmethod 9820 0x00007f56ed2b69d0 code [0x00007f56ed2b6b40, 0x00007f56ed2b6cc8]
Event: 53.867 Thread 0x00007f56fc0b1000 9822       2       com.android.dx.dex.code.SwitchData::shouldPack (50 bytes)
Event: 53.868 Thread 0x00007f56fc0b1000 nmethod 9822 0x00007f56ee4057d0 code [0x00007f56ee405940, 0x00007f56ee405b68]
Event: 53.921 Thread 0x00007f56fc0b1000 9823       2       com.android.dx.rop.cst.CstLiteral64::getLongBits (5 bytes)
Event: 53.921 Thread 0x00007f56fc0b1000 nmethod 9823 0x00007f56ee1eb9d0 code [0x00007f56ee1ebb20, 0x00007f56ee1ebc70]
Event: 53.929 Thread 0x00007f56fc0b1000 9824       1       com.android.dx.dex.code.form.Form51l::codeSize (2 bytes)
Event: 53.929 Thread 0x00007f56fc0b1000 nmethod 9824 0x00007f56ed67d410 code [0x00007f56ed67d560, 0x00007f56ed67d670]

GC Heap History (10 events):
Event: 50.497 GC heap after
Heap after GC invocations=96 (full 7):
 def new generation   total 74048K, used 8192K [0x0000000080000000, 0x0000000085050000, 0x00000000aaaa0000)
  eden space 65856K,   0% used [0x0000000080000000, 0x0000000080000000, 0x0000000084050000)
  from space 8192K, 100% used [0x0000000084850000, 0x0000000085050000, 0x0000000085050000)
  to   space 8192K,   0% used [0x0000000084050000, 0x0000000084050000, 0x0000000084850000)
 tenured generation   total 164168K, used 117681K [0x00000000aaaa0000, 0x00000000b4af2000, 0x0000000100000000)
   the space 164168K,  71% used [0x00000000aaaa0000, 0x00000000b1d8c630, 0x00000000b1d8c800, 0x00000000b4af2000)
 Metaspace       used 53564K, capacity 55160K, committed 55424K, reserved 1097728K
  class space    used 7154K, capacity 7541K, committed 7552K, reserved 1048576K
}
Event: 51.086 GC heap before
{Heap before GC invocations=96 (full 7):
 def new generation   total 74048K, used 74048K [0x0000000080000000, 0x0000000085050000, 0x00000000aaaa0000)
  eden space 65856K, 100% used [0x0000000080000000, 0x0000000084050000, 0x0000000084050000)
  from space 8192K, 100% used [0x0000000084850000, 0x0000000085050000, 0x0000000085050000)
  to   space 8192K,   0% used [0x0000000084050000, 0x0000000084050000, 0x0000000084850000)
 tenured generation   total 164168K, used 117681K [0x00000000aaaa0000, 0x00000000b4af2000, 0x0000000100000000)
   the space 164168K,  71% used [0x00000000aaaa0000, 0x00000000b1d8c630, 0x00000000b1d8c800, 0x00000000b4af2000)
 Metaspace       used 53568K, capacity 55160K, committed 55424K, reserved 1097728K
  class space    used 7154K, capacity 7541K, committed 7552K, reserved 1048576K
Event: 51.179 GC heap after
Heap after GC invocations=97 (full 7):
 def new generation   total 74048K, used 8191K [0x0000000080000000, 0x0000000085050000, 0x00000000aaaa0000)
  eden space 65856K,   0% used [0x0000000080000000, 0x0000000080000000, 0x0000000084050000)
  from space 8192K,  99% used [0x0000000084050000, 0x000000008484fff8, 0x0000000084850000)
  to   space 8192K,   0% used [0x0000000084850000, 0x0000000084850000, 0x0000000085050000)
 tenured generation   total 164168K, used 127564K [0x00000000aaaa0000, 0x00000000b4af2000, 0x0000000100000000)
   the space 164168K,  77% used [0x00000000aaaa0000, 0x00000000b2733218, 0x00000000b2733400, 0x00000000b4af2000)
 Metaspace       used 53568K, capacity 55160K, committed 55424K, reserved 1097728K
  class space    used 7154K, capacity 7541K, committed 7552K, reserved 1048576K
}
Event: 51.618 GC heap before
{Heap before GC invocations=97 (full 7):
 def new generation   total 74048K, used 74047K [0x0000000080000000, 0x0000000085050000, 0x00000000aaaa0000)
  eden space 65856K, 100% used [0x0000000080000000, 0x0000000084050000, 0x0000000084050000)
  from space 8192K,  99% used [0x0000000084050000, 0x000000008484fff8, 0x0000000084850000)
  to   space 8192K,   0% used [0x0000000084850000, 0x0000000084850000, 0x0000000085050000)
 tenured generation   total 164168K, used 127564K [0x00000000aaaa0000, 0x00000000b4af2000, 0x0000000100000000)
   the space 164168K,  77% used [0x00000000aaaa0000, 0x00000000b2733218, 0x00000000b2733400, 0x00000000b4af2000)
 Metaspace       used 53570K, capacity 55160K, committed 55424K, reserved 1097728K
  class space    used 7154K, capacity 7541K, committed 7552K, reserved 1048576K
Event: 51.702 GC heap after
Heap after GC invocations=98 (full 7):
 def new generation   total 74048K, used 8192K [0x0000000080000000, 0x0000000085050000, 0x00000000aaaa0000)
  eden space 65856K,   0% used [0x0000000080000000, 0x0000000080000000, 0x0000000084050000)
  from space 8192K, 100% used [0x0000000084850000, 0x0000000085050000, 0x0000000085050000)
  to   space 8192K,   0% used [0x0000000084050000, 0x0000000084050000, 0x0000000084850000)
 tenured generation   total 164168K, used 135653K [0x00000000aaaa0000, 0x00000000b4af2000, 0x0000000100000000)
   the space 164168K,  82% used [0x00000000aaaa0000, 0x00000000b2f194e8, 0x00000000b2f19600, 0x00000000b4af2000)
 Metaspace       used 53570K, capacity 55160K, committed 55424K, reserved 1097728K
  class space    used 7154K, capacity 7541K, committed 7552K, reserved 1048576K
}
Event: 52.758 GC heap before
{Heap before GC invocations=98 (full 7):
 def new generation   total 74048K, used 74048K [0x0000000080000000, 0x0000000085050000, 0x00000000aaaa0000)
  eden space 65856K, 100% used [0x0000000080000000, 0x0000000084050000, 0x0000000084050000)
  from space 8192K, 100% used [0x0000000084850000, 0x0000000085050000, 0x0000000085050000)
  to   space 8192K,   0% used [0x0000000084050000, 0x0000000084050000, 0x0000000084850000)
 tenured generation   total 164168K, used 135653K [0x00000000aaaa0000, 0x00000000b4af2000, 0x0000000100000000)
   the space 164168K,  82% used [0x00000000aaaa0000, 0x00000000b2f194e8, 0x00000000b2f19600, 0x00000000b4af2000)
 Metaspace       used 53596K, capacity 55160K, committed 55424K, reserved 1097728K
  class space    used 7155K, capacity 7541K, committed 7552K, reserved 1048576K
Event: 52.894 GC heap after
Heap after GC invocations=99 (full 7):
 def new generation   total 74048K, used 8191K [0x0000000080000000, 0x0000000085050000, 0x00000000aaaa0000)
  eden space 65856K,   0% used [0x0000000080000000, 0x0000000080000000, 0x0000000084050000)
  from space 8192K,  99% used [0x0000000084050000, 0x000000008484fff8, 0x0000000084850000)
  to   space 8192K,   0% used [0x0000000084850000, 0x0000000084850000, 0x0000000085050000)
 tenured generation   total 164168K, used 143611K [0x00000000aaaa0000, 0x00000000b4af2000, 0x0000000100000000)
   the space 164168K,  87% used [0x00000000aaaa0000, 0x00000000b36def40, 0x00000000b36df000, 0x00000000b4af2000)
 Metaspace       used 53596K, capacity 55160K, committed 55424K, reserved 1097728K
  class space    used 7155K, capacity 7541K, committed 7552K, reserved 1048576K
}
Event: 53.354 GC heap before
{Heap before GC invocations=99 (full 7):
 def new generation   total 74048K, used 74047K [0x0000000080000000, 0x0000000085050000, 0x00000000aaaa0000)
  eden space 65856K, 100% used [0x0000000080000000, 0x0000000084050000, 0x0000000084050000)
  from space 8192K,  99% used [0x0000000084050000, 0x000000008484fff8, 0x0000000084850000)
  to   space 8192K,   0% used [0x0000000084850000, 0x0000000084850000, 0x0000000085050000)
 tenured generation   total 164168K, used 143611K [0x00000000aaaa0000, 0x00000000b4af2000, 0x0000000100000000)
   the space 164168K,  87% used [0x00000000aaaa0000, 0x00000000b36def40, 0x00000000b36df000, 0x00000000b4af2000)
 Metaspace       used 53602K, capacity 55160K, committed 55424K, reserved 1097728K
  class space    used 7155K, capacity 7541K, committed 7552K, reserved 1048576K
Event: 53.464 GC heap after
Heap after GC invocations=100 (full 7):
 def new generation   total 74048K, used 8192K [0x0000000080000000, 0x0000000085050000, 0x00000000aaaa0000)
  eden space 65856K,   0% used [0x0000000080000000, 0x0000000080000000, 0x0000000084050000)
  from space 8192K, 100% used [0x0000000084850000, 0x0000000085050000, 0x0000000085050000)
  to   space 8192K,   0% used [0x0000000084050000, 0x0000000084050000, 0x0000000084850000)
 tenured generation   total 164168K, used 153936K [0x00000000aaaa0000, 0x00000000b4af2000, 0x0000000100000000)
   the space 164168K,  93% used [0x00000000aaaa0000, 0x00000000b40f41d0, 0x00000000b40f4200, 0x00000000b4af2000)
 Metaspace       used 53602K, capacity 55160K, committed 55424K, reserved 1097728K
  class space    used 7155K, capacity 7541K, committed 7552K, reserved 1048576K
}
Event: 53.950 GC heap before
{Heap before GC invocations=100 (full 7):
 def new generation   total 74048K, used 74048K [0x0000000080000000, 0x0000000085050000, 0x00000000aaaa0000)
  eden space 65856K, 100% used [0x0000000080000000, 0x0000000084050000, 0x0000000084050000)
  from space 8192K, 100% used [0x0000000084850000, 0x0000000085050000, 0x0000000085050000)
  to   space 8192K,   0% used [0x0000000084050000, 0x0000000084050000, 0x0000000084850000)
 tenured generation   total 164168K, used 153936K [0x00000000aaaa0000, 0x00000000b4af2000, 0x0000000100000000)
   the space 164168K,  93% used [0x00000000aaaa0000, 0x00000000b40f41d0, 0x00000000b40f4200, 0x00000000b4af2000)
 Metaspace       used 53604K, capacity 55160K, committed 55424K, reserved 1097728K
  class space    used 7155K, capacity 7541K, committed 7552K, reserved 1048576K

Deoptimization events (10 events):
Event: 45.267 Thread 0x00007f56b805e800 Uncommon trap: reason=unstable_if action=reinterpret pc=0x00007f56ee39f514 method=java.util.concurrent.ConcurrentHashMap.putVal(Ljava/lang/Object;Ljava/lang/Object;Z)Ljava/lang/Object; @ 331
Event: 45.476 Thread 0x00007f56b805d800 Uncommon trap: reason=unstable_if action=reinterpret pc=0x00007f56ee614ab4 method=com.android.dx.ssa.SCCP.simulateBranch(Lcom/android/dx/ssa/SsaInsn;)V @ 334
Event: 49.551 Thread 0x00007f56c801f000 Uncommon trap: reason=unstable_if action=reinterpret pc=0x00007f56ee404fe8 method=com.android.dx.dex.code.OutputFinisher.hasLocalInfo(Lcom/android/dx/dex/code/DalvInsn;)Z @ 24
Event: 49.831 Thread 0x00007f56c80ab000 Uncommon trap: reason=unstable_if action=reinterpret pc=0x00007f56ee1a09a8 method=com.android.dx.rop.code.RegisterSpecSet.<init>(I)V @ 2
Event: 50.257 Thread 0x00007f56cc058800 Uncommon trap: reason=unstable_if action=reinterpret pc=0x00007f56ed769484 method=java.util.HashMap.getNode(ILjava/lang/Object;)Ljava/util/HashMap$Node; @ 84
Event: 50.257 Thread 0x00007f56cc058800 Uncommon trap: reason=unstable_if action=reinterpret pc=0x00007f56ed21be80 method=java.util.HashMap.putVal(ILjava/lang/Object;Ljava/lang/Object;ZZ)Ljava/lang/Object; @ 109
Event: 51.432 Thread 0x00007f56bc05f000 Uncommon trap: reason=unstable_if action=reinterpret pc=0x00007f56ee478be4 method=com.android.dx.dex.code.LocalList$MakeState.filterSpec(Lcom/android/dx/rop/code/RegisterSpec;)Lcom/android/dx/rop/code/RegisterSpec; @ 11
Event: 51.720 Thread 0x00007f56cc049800 Uncommon trap: reason=unstable_if action=reinterpret pc=0x00007f56ed5f1e38 method=java.util.HashMap.getNode(ILjava/lang/Object;)Ljava/util/HashMap$Node; @ 84
Event: 51.851 Thread 0x00007f56cc026000 Uncommon trap: reason=unstable_if action=reinterpret pc=0x00007f56ed343770 method=java.util.concurrent.locks.AbstractQueuedSynchronizer.acquire(I)V @ 5
Event: 52.449 Thread 0x00007f56c0043800 Uncommon trap: reason=unstable_if action=reinterpret pc=0x00007f56edd4077c method=java.util.HashMap.putVal(ILjava/lang/Object;Ljava/lang/Object;ZZ)Ljava/lang/Object; @ 109

Internal exceptions (10 events):
Event: 25.811 Thread 0x00007f56bc007000 Exception <a 'java/lang/ClassNotFoundException': org/gradle/api/tasks/bundling/Zip_DecoratedBeanInfo> (0x000000008058d138) thrown at [/HUDSON3/workspace/8-2-build-linux-amd64/jdk8u121/8372/hotspot/src/share/vm/classfile/systemDictionary.cpp, line 210]
Event: 25.811 Thread 0x00007f56bc007000 Exception <a 'java/lang/ClassNotFoundException': org/gradle/api/tasks/bundling/Zip_DecoratedCustomizer> (0x000000008059c3b0) thrown at [/HUDSON3/workspace/8-2-build-linux-amd64/jdk8u121/8372/hotspot/src/share/vm/classfile/systemDictionary.cpp, line 210]
Event: 25.822 Thread 0x00007f56bc007000 Exception <a 'java/lang/ClassNotFoundException': com/android/build/gradle/internal/tasks/PrepareLibraryTask_DecoratedBeanInfo> (0x000000008067b010) thrown at [/HUDSON3/workspace/8-2-build-linux-amd64/jdk8u121/8372/hotspot/src/share/vm/classfile/systemDict
Event: 25.823 Thread 0x00007f56bc007000 Exception <a 'java/lang/ClassNotFoundException': com/android/build/gradle/internal/tasks/PrepareLibraryTaskBeanInfo> (0x000000008068db78) thrown at [/HUDSON3/workspace/8-2-build-linux-amd64/jdk8u121/8372/hotspot/src/share/vm/classfile/systemDictionary.cpp
Event: 25.823 Thread 0x00007f56bc007000 Exception <a 'java/lang/ClassNotFoundException': com/android/build/gradle/internal/tasks/PrepareLibraryTaskCustomizer> (0x00000000806a1140) thrown at [/HUDSON3/workspace/8-2-build-linux-amd64/jdk8u121/8372/hotspot/src/share/vm/classfile/systemDictionary.c
Event: 25.824 Thread 0x00007f56bc007000 Exception <a 'java/lang/ClassNotFoundException': com/android/build/gradle/internal/tasks/PrepareLibraryTask_DecoratedCustomizer> (0x00000000806cab78) thrown at [/HUDSON3/workspace/8-2-build-linux-amd64/jdk8u121/8372/hotspot/src/share/vm/classfile/systemDi
Event: 25.838 Thread 0x00007f56bc007000 Exception <a 'java/lang/ClassNotFoundException': com/android/build/gradle/internal/tasks/ValidateSigningTask_DecoratedBeanInfo> (0x0000000080760a28) thrown at [/HUDSON3/workspace/8-2-build-linux-amd64/jdk8u121/8372/hotspot/src/share/vm/classfile/systemDic
Event: 25.839 Thread 0x00007f56bc007000 Exception <a 'java/lang/ClassNotFoundException': com/android/build/gradle/internal/tasks/ValidateSigningTaskBeanInfo> (0x0000000080774030) thrown at [/HUDSON3/workspace/8-2-build-linux-amd64/jdk8u121/8372/hotspot/src/share/vm/classfile/systemDictionary.cp
Event: 25.839 Thread 0x00007f56bc007000 Exception <a 'java/lang/ClassNotFoundException': com/android/build/gradle/internal/tasks/ValidateSigningTaskCustomizer> (0x0000000080787a40) thrown at [/HUDSON3/workspace/8-2-build-linux-amd64/jdk8u121/8372/hotspot/src/share/vm/classfile/systemDictionary.
Event: 25.841 Thread 0x00007f56bc007000 Exception <a 'java/lang/ClassNotFoundException': com/android/build/gradle/internal/tasks/ValidateSigningTask_DecoratedCustomizer> (0x00000000807b0858) thrown at [/HUDSON3/workspace/8-2-build-linux-amd64/jdk8u121/8372/hotspot/src/share/vm/classfile/systemD

Events (10 events):
Event: 53.901 Thread 0x00007f56c0043800 DEOPT UNPACKING pc=0x00007f56ed047233 sp=0x00007f56c50c3ec8 mode 0
Event: 53.901 Thread 0x00007f56c0043800 DEOPT PACKING pc=0x00007f56ee44e8ce sp=0x00007f56c50c4070
Event: 53.901 Thread 0x00007f56c0043800 DEOPT UNPACKING pc=0x00007f56ed047233 sp=0x00007f56c50c3de8 mode 0
Event: 53.903 Thread 0x00007f56b800c000 DEOPT PACKING pc=0x00007f56ed69152d sp=0x00007f56c43b7d30
Event: 53.903 Thread 0x00007f56b800c000 DEOPT UNPACKING pc=0x00007f56ed047233 sp=0x00007f56c43b7b30 mode 0
Event: 53.928 Thread 0x00007f56c0043800 DEOPT PACKING pc=0x00007f56ee43e670 sp=0x00007f56c50c4060
Event: 53.928 Thread 0x00007f56c0043800 DEOPT UNPACKING pc=0x00007f56ed047233 sp=0x00007f56c50c3ec8 mode 0
Event: 53.928 Thread 0x00007f56c0043800 DEOPT PACKING pc=0x00007f56ee44e8ce sp=0x00007f56c50c4070
Event: 53.928 Thread 0x00007f56c0043800 DEOPT UNPACKING pc=0x00007f56ed047233 sp=0x00007f56c50c3de8 mode 0
Event: 53.936 Executing VM operation: GenCollectForAllocation


Dynamic libraries:
00400000-00401000 r-xp 00000000 08:01 404355                             /usr/lib/jvm/java-8-oracle/bin/java
00600000-00601000 rw-p 00000000 08:01 404355                             /usr/lib/jvm/java-8-oracle/bin/java
019e4000-01a05000 rw-p 00000000 00:00 0                                  [heap]
80000000-85050000 rw-p 00000000 00:00 0 
85050000-aaaa0000 ---p 00000000 00:00 0 
aaaa0000-b4bb2000 rw-p 00000000 00:00 0 
b88ca000-100000000 ---p 00000000 00:00 0 
100000000-100760000 rw-p 00000000 00:00 0 
100760000-140000000 ---p 00000000 00:00 0 
7f56ac000000-7f56ad330000 rw-p 00000000 00:00 0 
7f56ad330000-7f56b0000000 ---p 00000000 00:00 0 
7f56b3e00000-7f56b3ec0000 rw-p 00000000 00:00 0 
7f56b3ec0000-7f56b4000000 ---p 00000000 00:00 0 
7f56b4000000-7f56b4021000 rw-p 00000000 00:00 0 
7f56b4021000-7f56b8000000 ---p 00000000 00:00 0 
7f56b8000000-7f56b8068000 rw-p 00000000 00:00 0 
7f56b8068000-7f56bc000000 ---p 00000000 00:00 0 
7f56bc000000-7f56bc062000 rw-p 00000000 00:00 0 
7f56bc062000-7f56c0000000 ---p 00000000 00:00 0 
7f56c0000000-7f56c0071000 rw-p 00000000 00:00 0 
7f56c0071000-7f56c4000000 ---p 00000000 00:00 0 
7f56c4089000-7f56c40ae000 r--p 00000000 08:01 193792                     /usr/share/locale-langpack/ja/LC_MESSAGES/libc.mo
7f56c40ae000-7f56c40b1000 ---p 00000000 00:00 0 
7f56c40b1000-7f56c41af000 rw-p 00000000 00:00 0 
7f56c41af000-7f56c41b2000 ---p 00000000 00:00 0 
7f56c41b2000-7f56c42b0000 rw-p 00000000 00:00 0 
7f56c42b0000-7f56c42b9000 r--s 00049000 08:01 564953                     /home/usa/Water-app-client/wfl_app/platforms/android/build/intermediates/exploded-aar/com.google.android.gms/play-services-base/10.0.0/jars/classes.jar
7f56c42b9000-7f56c42bc000 ---p 00000000 00:00 0 
7f56c42bc000-7f56c45ba000 rw-p 00000000 00:00 0 
7f56c45ba000-7f56c45bd000 ---p 00000000 00:00 0 
7f56c45bd000-7f56c46bb000 rw-p 00000000 00:00 0 
7f56c46bb000-7f56c46be000 ---p 00000000 00:00 0 
7f56c46be000-7f56c47bc000 rw-p 00000000 00:00 0 
7f56c47bc000-7f56c47bf000 ---p 00000000 00:00 0 
7f56c47bf000-7f56c48bd000 rw-p 00000000 00:00 0 
7f56c48bd000-7f56c48c0000 ---p 00000000 00:00 0 
7f56c48c0000-7f56c49be000 rw-p 00000000 00:00 0 
7f56c49be000-7f56c49c1000 ---p 00000000 00:00 0 
7f56c49c1000-7f56c4abf000 rw-p 00000000 00:00 0 
7f56c4abf000-7f56c4ac2000 ---p 00000000 00:00 0 
7f56c4ac2000-7f56c4bc0000 rw-p 00000000 00:00 0 
7f56c4bc0000-7f56c4bc3000 ---p 00000000 00:00 0 
7f56c4bc3000-7f56c4cc1000 rw-p 00000000 00:00 0 
7f56c4cc1000-7f56c4cc4000 ---p 00000000 00:00 0 
7f56c4cc4000-7f56c4dc2000 rw-p 00000000 00:00 0 
7f56c4dc2000-7f56c4dc5000 ---p 00000000 00:00 0 
7f56c4dc5000-7f56c4ec3000 rw-p 00000000 00:00 0 
7f56c4ec4000-7f56c4ec7000 ---p 00000000 00:00 0 
7f56c4ec7000-7f56c4fc5000 rw-p 00000000 00:00 0 
7f56c4fc5000-7f56c4fc8000 ---p 00000000 00:00 0 
7f56c4fc8000-7f56c50c6000 rw-p 00000000 00:00 0 
7f56c50c6000-7f56c50c9000 ---p 00000000 00:00 0 
7f56c50c9000-7f56c51c7000 rw-p 00000000 00:00 0 
7f56c51c7000-7f56c51ca000 ---p 00000000 00:00 0 
7f56c51ca000-7f56c54c8000 rw-p 00000000 00:00 0 
7f56c54c8000-7f56c56c8000 rw-p 00000000 00:00 0 
7f56c56c8000-7f56c58c8000 rw-p 00000000 00:00 0 
7f56c58c8000-7f56c5ac8000 rw-p 00000000 00:00 0 
7f56c5ac8000-7f56c5cc8000 rw-p 00000000 00:00 0 
7f56c5cc8000-7f56c5cdb000 r--s 00345000 08:01 404663                     /usr/lib/jvm/java-8-oracle/jre/lib/resources.jar
7f56c5cdb000-7f56c5edb000 rw-p 00000000 00:00 0 
7f56c5edb000-7f56c60db000 rw-p 00000000 00:00 0 
7f56c60db000-7f56c62db000 rw-p 00000000 00:00 0 
7f56c62db000-7f56c64db000 rw-p 00000000 00:00 0 
7f56c64db000-7f56c66db000 rw-p 00000000 00:00 0 
7f56c66db000-7f56c6706000 r--s 001fc000 08:01 10174                      /home/usa/.gradle/caches/modules-2/files-2.1/com.google.guava/guava/18.0/cce0823396aa693798f8882e64213b1772032b09/guava-18.0.jar
7f56c6706000-7f56c6707000 r--s 00001000 08:01 10173                      /home/usa/.gradle/caches/modules-2/files-2.1/com.android.tools/annotations/25.2.1/5110ad3fc41cbcb39cc26fc19379eb0a8972911a/annotations-25.2.1.jar
7f56c6707000-7f56c6719000 r--s 000b3000 08:01 10172                      /home/usa/.gradle/caches/modules-2/files-2.1/com.android.tools.external.com-intellij/uast/145.597.3/4d2f689b410743048f70f34c1632571b50e3d6bd/uast-145.597.3.jar
7f56c6719000-7f56c6721000 r--s 000a8000 08:01 10171                      /home/usa/.gradle/caches/modules-2/files-2.1/com.android.tools.external.lombok/lombok-ast/0.2.3/528b6f8bde3157f17530aa366631f2aad2a6cf9/lombok-ast-0.2.3.jar
7f56c6721000-7f56c6723000 r--s 0000d000 08:01 10170                      /home/usa/.gradle/caches/modules-2/files-2.1/commons-codec/commons-codec/1.4/4216af16d38465bbab0f3dff8efa14204f7a399a/commons-codec-1.4.jar
7f56c6723000-7f56c6725000 r--s 0000d000 08:01 10169                      /home/usa/.gradle/caches/modules-2/files-2.1/commons-logging/commons-logging/1.1.1/5043bfebc3db072ed80fbd362e7caf00e885d8ae/commons-logging-1.1.1.jar
7f56c6725000-7f56c672a000 r--s 00028000 08:01 10168                      /home/usa/.gradle/caches/modules-2/files-2.1/org.apache.httpcomponents/httpcore/4.1/33fc26c02f8043ab0ede19eadc8c9885386b255c/httpcore-4.1.jar
7f56c672a000-7f56c672e000 r--s 0002f000 08:01 10167                      /home/usa/.gradle/caches/modules-2/files-2.1/com.google.jimfs/jimfs/1.1/8fbd0579dc68aba6186935cc1bee21d2f3e7ec1c/jimfs-1.1.jar
7f56c672e000-7f56c672f000 r--s 00004000 08:01 10166                      /home/usa/.gradle/caches/modules-2/files-2.1/com.intellij/annotations/12.0/bbcf6448f6d40abe506e2c83b70a3e8bfd2b4539/annotations-12.0.jar
7f56c672f000-7f56c6730000 r--s 00004000 08:01 10165                      /home/usa/.gradle/caches/modules-2/files-2.1/org.ow2.asm/asm-analysis/5.0.4/51f5031331a56c462a3cc5126e21ab65958759a9/asm-analysis-5.0.4.jar
7f56c6730000-7f56c6734000 r--s 0003b000 08:01 10164                      /home/usa/.gradle/caches/modules-2/files-2.1/com.android.tools.lint/lint-api/25.2.1/9e9e87072eba52829a5b89a87f857cbb384c6a51/lint-api-25.2.1.jar
7f56c6734000-7f56c6735000 r--s 0000a000 08:01 10163                      /home/usa/.gradle/caches/modules-2/files-2.1/net.sf.kxml/kxml2/2.3.0/ccbc77a5fd907ef863c29f3596c6f54ffa4e9442/kxml2-2.3.0.jar
7f56c6735000-7f56c6737000 r--s 00005000 08:01 10162                      /home/usa/.gradle/caches/modules-2/files-2.1/org.apache.httpcomponents/httpmime/4.1/9ba2dcdf94ce35c8a8e9bff242db0618ca932e92/httpmime-4.1.jar
7f56c6737000-7f56c673f000 r--s 0004e000 08:01 10161                      /home/usa/.gradle/caches/modules-2/files-2.1/org.apache.httpcomponents/httpclient/4.1.1/3d1d918f32709e33ba7ddb2c4e8d1c543ebe713e/httpclient-4.1.1.jar
7f56c673f000-7f56c6746000 r--s 00053000 08:01 10160                      /home/usa/.gradle/caches/modules-2/files-2.1/org.apache.commons/commons-compress/1.8.1/a698750c16740fd5b3871425f4cb3bbaa87f529d/commons-compress-1.8.1.jar
7f56c6746000-7f56c674b000 r--s 0002a000 08:01 10159                      /home/usa/.gradle/caches/modules-2/files-2.1/com.google.code.gson/gson/2.2.4/a60a5e993c98c864010053cb901b7eab25306568/gson-2.2.4.jar
7f56c674b000-7f56c6750000 r--s 0002d000 08:01 10158                      /home/usa/.gradle/caches/modules-2/files-2.1/com.android.tools/repository/25.2.1/df399e4041a4aecd8d8bc7c09902223d8c8be85a/repository-25.2.1.jar
7f56c6750000-7f56c6751000 r--s 00005000 08:01 10157                      /home/usa/.gradle/caches/modules-2/files-2.1/com.android.tools/dvlib/25.2.1/3dae5c51505b3e1105018b4c57b3fbf757f9f5c0/dvlib-25.2.1.jar
7f56c6751000-7f56c6754000 r--s 00014000 08:01 10156                      /home/usa/.gradle/caches/modules-2/files-2.1/com.android.tools.layoutlib/layoutlib-api/25.2.1/3d440ea19840eb7e9a51ed4ecf54f244ba43b2eb/layoutlib-api-25.2.1.jar
7f56c6754000-7f56c6758000 r--s 00037000 08:01 10155                      /home/usa/.gradle/caches/modules-2/files-2.1/org.antlr/ST4/4.0.8/a1c55e974f8a94d78e2348fa6ff63f4fa1fae64/ST4-4.0.8.jar
7f56c6758000-7f56c675b000 r--s 00026000 08:01 10154                      /home/usa/.gradle/caches/modules-2/files-2.1/org.antlr/antlr-runtime/3.5.2/cd9cd41361c155f3af0f653009dcecb08d8b4afd/antlr-runtime-3.5.2.jar
7f56c675b000-7f56c6760000 r--s 00058000 08:01 10153                      /home/usa/.gradle/caches/modules-2/files-2.1/org.ow2.asm/asm-debug-all/5.0.1/f69b5f7d96cec0d448acf1c1a266584170c9643b/asm-debug-all-5.0.1.jar
7f56c6760000-7f56c6770000 r--s 000d6000 08:01 10152                      /home/usa/.gradle/caches/modules-2/files-2.1/net.sf.proguard/proguard-base/5.2.1/4f61348b4e7c943b85679dcb697f3a5fc3101921/proguard-base-5.2.1.jar
7f56c6770000-7f56c6773000 r--s 00033000 08:01 10151                      /home/usa/.gradle/caches/modules-2/files-2.1/com.googlecode.juniversalchardet/juniversalchardet/1.0.3/cd49678784c46aa8789c060538e0154013bb421b/juniversalchardet-1.0.3.jar
7f56c6773000-7f56c6777000 r--s 0002a000 08:01 10150                      /home/usa/.gradle/caches/modules-2/files-2.1/commons-io/commons-io/2.4/b1b6ea3b7e4aa4f492509a4952029cd8e48019ad/commons-io-2.4.jar
7f56c6777000-7f56c678e000 r--s 00154000 08:01 10149                      /home/usa/.gradle/caches/modules-2/files-2.1/org.antlr/antlr4/4.5.3/f35db7e4b2446e4174ba6a73db7bd6b3e6bb5da1/antlr4-4.5.3.jar
7f56c678e000-7f56c678f000 r--s 00002000 08:01 10148                      /home/usa/.gradle/caches/modules-2/files-2.1/com.android.databinding/baseLibrary/2.2.1/30d2b12e06347ece26e565b60cb7de12ed14d13b/baseLibrary-2.2.1.jar
7f56c678f000-7f56c67a2000 r--s 00236000 08:01 10147                      /home/usa/.gradle/caches/modules-2/files-2.1/org.eclipse.jdt.core.compiler/ecj/4.5.1/bee1367ac12fb6a20b422ff8711ebeb4f0a42316/ecj-4.5.1.jar
7f56c67a2000-7f56c67a9000 r--s 000c3000 08:01 10146                      /home/usa/.gradle/caches/modules-2/files-2.1/com.android.tools.lint/lint-checks/25.2.1/14b530fe88ab45b59b451e3ce76efd213d71471c/lint-checks-25.2.1.jar
7f56c67a9000-7f56c67ab000 r--s 00006000 08:01 10145                      /home/usa/.gradle/caches/modules-2/files-2.1/org.ow2.asm/asm-tree/5.0.4/396ce0c07ba2b481f25a70195c7c94922f0d1b0b/asm-tree-5.0.4.jar
7f56c67ab000-7f56c67de000 r--s 00203000 08:01 10144                      /home/usa/.gradle/caches/modules-2/files-2.1/org.bouncycastle/bcprov-jdk15on/1.48/960dea7c9181ba0b17e8bab0c06a43f0a5f04e65/bcprov-jdk15on-1.48.jar
7f56c67de000-7f56c67ec000 r--s 00081000 08:01 10143                      /home/usa/.gradle/caches/modules-2/files-2.1/org.bouncycastle/bcpkix-jdk15on/1.48/28b7614b908a47844bb27e3c94b45b6893656265/bcpkix-jdk15on-1.48.jar
7f56c67ec000-7f56c67ee000 r--s 00002000 08:01 10142                      /home/usa/.gradle/caches/modules-2/files-2.1/com.squareup/javawriter/2.5.0/81241ff7078ef14f42ea2a8995fa09c096256e6b/javawriter-2.5.0.jar
7f56c67ee000-7f56c67ef000 r--s 00002000 08:01 10141                      /home/usa/.gradle/caches/modules-2/files-2.1/com.android.tools.analytics-library/tracker/25.2.1/9fefa2ffec302329dd5f04a9fb07e45462f2c934/tracker-25.2.1.jar
7f56c67ef000-7f56c67f1000 r--s 00003000 08:01 10140                      /home/usa/.gradle/caches/modules-2/files-2.1/com.android.tools.analytics-library/shared/25.2.1/e5ce4fd0911a368c21b84c98d31086733fd1590d/shared-25.2.1.jar
7f56c67f1000-7f56c67fe000 r--s 000ed000 08:01 10139                      /home/usa/.gradle/caches/modules-2/files-2.1/com.android.tools.analytics-library/protos/25.2.1/166a8b30acaeba56a83aa8f803c3393d320f44df/protos-25.2.1.jar
7f56c67fe000-7f56c67ff000 r--s 00001000 08:01 10138                      /home/usa/.gradle/caches/modules-2/files-2.1/com.android.tools.jill/jill-api/0.10.0/7dfd6360ae4af1e171ec67b92e0cf065d59eef19/jill-api-0.10.0.jar
7f56c67ff000-7f56c6801000 r--s 00003000 08:01 10137                      /home/usa/.gradle/caches/modules-2/files-2.1/com.android.tools.jack/jack-api/0.11.0/ccda6afebd2b9cf60886c601ea561bba62c35c70/jack-api-0.11.0.jar
7f56c6801000-7f56c6806000 r--s 0004a000 08:01 10136                      /home/usa/.gradle/caches/modules-2/files-2.1/com.android.tools.ddms/ddmlib/25.2.1/fa5f1c4f025531877a67cf57e42a18c18a0a79db/ddmlib-25.2.1.jar
7f56c6806000-7f56c6809000 r--s 00021000 08:01 10135                      /home/usa/.gradle/caches/modules-2/files-2.1/com.android.tools.build/manifest-merger/25.2.1/95a20529bb25431cb9a5ebc6e605f8506dab290d/manifest-merger-25.2.1.jar
7f56c6809000-7f56c680b000 r--s 0001c000 08:01 10134                      /home/usa/.gradle/caches/modules-2/files-2.1/com.android.tools/common/25.2.1/826519369e072d312bc34016ba4d9895618a5590/common-25.2.1.jar
7f56c680b000-7f56c6814000 r--s 00083000 08:01 10133                      /home/usa/.gradle/caches/modules-2/files-2.1/com.android.tools/sdk-common/25.2.1/6f401b4d6cf931ef4ba715879c80dd6d8b153e1a/sdk-common-25.2.1.jar
7f56c6814000-7f56c681f000 r--s 0008e000 08:01 10132                      /home/usa/.gradle/caches/modules-2/files-2.1/com.android.tools/sdklib/25.2.1/bd5f7df7c5343e10f49749dc6649b7a7cd339215/sdklib-25.2.1.jar
7f56c681f000-7f56c6820000 r--s 00002000 08:01 10131                      /home/usa/.gradle/caches/modules-2/files-2.1/com.android.tools.build/builder-test-api/2.2.1/c0bd6669d9560fbfcad68d7234272a5a707b5d6e/builder-test-api-2.2.1.jar
7f56c6820000-7f56c6823000 r--s 00005000 08:01 10130                      /home/usa/.gradle/caches/modules-2/files-2.1/com.android.tools.build/builder-model/2.2.1/2bc96fb6480d6707276adea8bd2241e27d01a3a8/builder-model-2.2.1.jar
7f56c6823000-7f56c682d000 r--s 00110000 08:01 10129                      /home/usa/.gradle/caches/modules-2/files-2.1/org.antlr/antlr/3.5.2/c4a65c950bfc3e7d04309c515b2177c00baf7764/antlr-3.5.2.jar
7f56c682d000-7f56c6835000 r--s 0007b000 08:01 10128                      /home/usa/.gradle/caches/modules-2/files-2.1/com.google.protobuf/protobuf-java/2.5.0/a10732c76bfacdbd633a7eb0f7968b1059a65dfa/protobuf-java-2.5.0.jar
7f56c6835000-7f56c6837000 r--s 0000f000 08:01 10127                      /home/usa/.gradle/caches/modules-2/files-2.1/net.sf.jopt-simple/jopt-simple/4.9/ee9e9eaa0a35360dcfeac129ff4923215fd65904/jopt-simple-4.9.jar
7f56c6837000-7f56c683b000 r--s 0001f000 08:01 10126                      /home/usa/.gradle/caches/modules-2/files-2.1/org.jacoco/org.jacoco.report/0.7.5.201505241946/cb1ac5562a45c98cd7b774452f3e8b867b71cd65/org.jacoco.report-0.7.5.201505241946.jar
7f56c683b000-7f56c683f000 r--s 0001d000 08:01 10125                      /home/usa/.gradle/caches/modules-2/files-2.1/org.jacoco/org.jacoco.core/0.7.5.201505241946/1ea906dc5201d2a1bc0604f8650534d4bcaf4c95/org.jacoco.core-0.7.5.201505241946.jar
7f56c683f000-7f56c6841000 r--s 00009000 08:01 10123                      /home/usa/.gradle/caches/modules-2/files-2.1/org.ow2.asm/asm-commons/5.0.4/5a556786086c23cd689a0328f8519db93821c04c/asm-commons-5.0.4.jar
7f56c6841000-7f56c6843000 r--s 0000c000 08:01 10122                      /home/usa/.gradle/caches/modules-2/files-2.1/org.ow2.asm/asm/5.0.4/da08b8cce7bbf903602a25a3a163ae252435795/asm-5.0.4.jar
7f56c6843000-7f56c6847000 r--s 0002b000 08:01 10121                      /home/usa/.gradle/caches/modules-2/files-2.1/com.android.databinding/compilerCommon/2.2.1/7234776e99a21f40b63958c4408a044eb54d7f95/compilerCommon-2.2.1.jar
7f56c6847000-7f56c6a47000 rw-p 00000000 00:00 0 
7f56c6a47000-7f56c6a4a000 ---p 00000000 00:00 0 
7f56c6a4a000-7f56c6d48000 rw-p 00000000 00:00 0 
7f56c6d48000-7f56c6f48000 rw-p 00000000 00:00 0 
7f56c6f48000-7f56c6f4d000 r--s 00053000 08:01 10118                      /home/usa/.gradle/caches/modules-2/files-2.1/com.android.tools.lint/lint/25.2.1/f44f01afc06948d4bf1e9201b6baaa6dc4b0a830/lint-25.2.1.jar
7f56c6f4d000-7f56c6f64000 r--s 0015d000 08:01 10117                      /home/usa/.gradle/caches/modules-2/files-2.1/com.android.tools.build/builder/2.2.1/5b7004f341a3d058fd0d082b149123b4831b86b0/builder-2.2.1.jar
7f56c6f64000-7f56c6f80000 r--s 0019d000 08:01 10116                      /home/usa/.gradle/caches/modules-2/files-2.1/com.android.tools.build/gradle-core/2.2.1/feed4dc61b34c08999c1338f1874fd78f95650bd/gradle-core-2.2.1.jar
7f56c6f80000-7f56c7180000 rw-p 00000000 00:00 0 
7f56c7180000-7f56c7380000 rw-p 00000000 00:00 0 
7f56c7380000-7f56c7580000 rw-p 00000000 00:00 0 
7f56c7580000-7f56c75fa000 r--s 010f6000 08:01 403010                     /usr/lib/jvm/java-8-oracle/lib/tools.jar
7f56c75fa000-7f56c77fa000 rw-p 00000000 00:00 0 
7f56c77fa000-7f56c77fd000 ---p 00000000 00:00 0 
7f56c77fd000-7f56c78fb000 rw-p 00000000 00:00 0 
7f56c78fb000-7f56c78fe000 ---p 00000000 00:00 0 
7f56c78fe000-7f56c79fc000 rw-p 00000000 00:00 0 
7f56c79fc000-7f56c79ff000 ---p 00000000 00:00 0 
7f56c79ff000-7f56c7afd000 rw-p 00000000 00:00 0 
7f56c7afd000-7f56c7b00000 ---p 00000000 00:00 0 
7f56c7b00000-7f56c7bfe000 rw-p 00000000 00:00 0 
7f56c7bfe000-7f56c7c01000 ---p 00000000 00:00 0 
7f56c7c01000-7f56c7cff000 rw-p 00000000 00:00 0 
7f56c7cff000-7f56c7d02000 ---p 00000000 00:00 0 
7f56c7d02000-7f56c8000000 rw-p 00000000 00:00 0 
7f56c8000000-7f56c8194000 rw-p 00000000 00:00 0 
7f56c8194000-7f56cc000000 ---p 00000000 00:00 0 
7f56cc000000-7f56cc0b4000 rw-p 00000000 00:00 0 
7f56cc0b4000-7f56d0000000 ---p 00000000 00:00 0 
7f56d0000000-7f56d0e29000 rw-p 00000000 00:00 0 
7f56d0e29000-7f56d4000000 ---p 00000000 00:00 0 
7f56d4000000-7f56d407f000 rw-p 00000000 00:00 0 
7f56d407f000-7f56d8000000 ---p 00000000 00:00 0 
7f56d8000000-7f56d8021000 rw-p 00000000 00:00 0 
7f56d8021000-7f56dc000000 ---p 00000000 00:00 0 
7f56dc000000-7f56ddf3f000 rw-p 00000000 00:00 0 
7f56ddf3f000-7f56e0000000 ---p 00000000 00:00 0 
7f56e0000000-7f56e0026000 rw-p 00000000 00:00 0 
7f56e0026000-7f56e4000000 ---p 00000000 00:00 0 
7f56e4000000-7f56e4021000 rw-p 00000000 00:00 0 
7f56e4021000-7f56e8000000 ---p 00000000 00:00 0 
7f56e8000000-7f56e8578000 rw-p 00000000 00:00 0 
7f56e8578000-7f56ec000000 ---p 00000000 00:00 0 
7f56ec000000-7f56ec001000 r--s 00002000 08:01 10124                      /home/usa/.gradle/caches/modules-2/files-2.1/net.sf.proguard/proguard-gradle/5.2.1/5e9956c050fd84fa043517e77c4c0ff175a6b002/proguard-gradle-5.2.1.jar
7f56ec001000-7f56ec002000 r--s 00002000 08:01 10120                      /home/usa/.gradle/caches/modules-2/files-2.1/com.android.tools.build/gradle-api/2.2.1/aa5c80e43f5efacb0f44ba236305128abfa16894/gradle-api-2.2.1.jar
7f56ec002000-7f56ec003000 r--s 00000000 08:01 10119                      /home/usa/.gradle/caches/modules-2/files-2.1/com.android.tools.build/transform-api/2.0.0-deprecated-use-gradle-api/85bee1acea9e27152b920746c68133b30b11431/transform-api-2.0.0-deprecated-use-gradle-api.jar
7f56ec003000-7f56ec005000 r--s 0000d000 08:01 10115                      /home/usa/.gradle/caches/modules-2/files-2.1/com.android.tools.build/gradle/2.2.1/a3efd0e2aa62dc14d25c43d40f8612c18445b07c/gradle-2.2.1.jar
7f56ec005000-7f56ec008000 ---p 00000000 00:00 0 
7f56ec008000-7f56ec03e000 rw-p 00000000 00:00 0 
7f56ec03e000-7f56ec03f000 r--p 00000000 00:00 0 
7f56ec03f000-7f56ec046000 r--s 00000000 08:01 391888                     /usr/lib/x86_64-linux-gnu/gconv/gconv-modules.cache
7f56ec046000-7f56ec049000 ---p 00000000 00:00 0 
7f56ec049000-7f56ec147000 rw-p 00000000 00:00 0 
7f56ec147000-7f56ec14a000 ---p 00000000 00:00 0 
7f56ec14a000-7f56ec248000 rw-p 00000000 00:00 0 
7f56ec248000-7f56ec251000 r-xp 00000000 08:01 404475                     /usr/lib/jvm/java-8-oracle/jre/lib/amd64/libmanagement.so
7f56ec251000-7f56ec450000 ---p 00009000 08:01 404475                     /usr/lib/jvm/java-8-oracle/jre/lib/amd64/libmanagement.so
7f56ec450000-7f56ec451000 rw-p 00008000 08:01 404475                     /usr/lib/jvm/java-8-oracle/jre/lib/amd64/libmanagement.so
7f56ec451000-7f56ec455000 r--s 0009a000 08:01 404383                     /usr/lib/jvm/java-8-oracle/jre/lib/jsse.jar
7f56ec455000-7f56ec457000 r--s 00007000 08:01 524451                     /home/usa/.gradle/wrapper/dists/gradle-2.14.1-all/4cj8p00t3e5ni9e8iofg8ghvk7/gradle-2.14.1/lib/plugins/gradle-tooling-api-builders-2.14.1.jar
7f56ec457000-7f56ec45a000 r--s 00008000 08:01 524444                     /home/usa/.gradle/wrapper/dists/gradle-2.14.1-all/4cj8p00t3e5ni9e8iofg8ghvk7/gradle-2.14.1/lib/plugins/gradle-testing-native-2.14.1.jar
7f56ec45a000-7f56ec45c000 r--s 00009000 08:01 524523                     /home/usa/.gradle/wrapper/dists/gradle-2.14.1-all/4cj8p00t3e5ni9e8iofg8ghvk7/gradle-2.14.1/lib/plugins/hamcrest-core-1.3.jar
7f56ec45c000-7f56ec462000 r--s 00033000 08:01 524517                     /home/usa/.gradle/wrapper/dists/gradle-2.14.1-all/4cj8p00t3e5ni9e8iofg8ghvk7/gradle-2.14.1/lib/plugins/snakeyaml-1.6.jar
7f56ec462000-7f56ec464000 r--s 00006000 08:01 524516                     /home/usa/.gradle/wrapper/dists/gradle-2.14.1-all/4cj8p00t3e5ni9e8iofg8ghvk7/gradle-2.14.1/lib/plugins/jcommander-1.12.jar
7f56ec464000-7f56ec469000 r--s 00040000 08:01 524515                     /home/usa/.gradle/wrapper/dists/gradle-2.14.1-all/4cj8p00t3e5ni9e8iofg8ghvk7/gradle-2.14.1/lib/plugins/bsh-2.0b4.jar
7f56ec469000-7f56ec472000 r--s 00089000 08:01 524474                     /home/usa/.gradle/wrapper/dists/gradle-2.14.1-all/4cj8p00t3e5ni9e8iofg8ghvk7/gradle-2.14.1/lib/plugins/testng-6.3.1.jar
7f56ec472000-7f56ec47a000 r--s 00045000 08:01 524473                     /home/usa/.gradle/wrapper/dists/gradle-2.14.1-all/4cj8p00t3e5ni9e8iofg8ghvk7/gradle-2.14.1/lib/plugins/junit-4.12.jar
7f56ec47a000-7f56ec480000 r--s 0002e000 08:01 524445                     /home/usa/.gradle/wrapper/dists/gradle-2.14.1-all/4cj8p00t3e5ni9e8iofg8ghvk7/gradle-2.14.1/lib/plugins/gradle-testing-jvm-2.14.1.jar
7f56ec480000-7f56ec485000 r--s 00015000 08:01 524443                     /home/usa/.gradle/wrapper/dists/gradle-2.14.1-all/4cj8p00t3e5ni9e8iofg8ghvk7/gradle-2.14.1/lib/plugins/gradle-testing-base-2.14.1.jar
7f56ec485000-7f56ec486000 r--s 00002000 08:01 524467                     /home/usa/.gradle/wrapper/dists/gradle-2.14.1-all/4cj8p00t3e5ni9e8iofg8ghvk7/gradle-2.14.1/lib/plugins/sonar-batch-bootstrapper-2.9.jar
7f56ec486000-7f56ec489000 r--s 00015000 08:01 524421                     /home/usa/.gradle/wrapper/dists/gradle-2.14.1-all/4cj8p00t3e5ni9e8iofg8ghvk7/gradle-2.14.1/lib/plugins/gradle-sonar-2.14.1.jar
7f56ec489000-7f56ec490000 r--s 00038000 08:01 524468                     /home/usa/.gradle/wrapper/dists/gradle-2.14.1-all/4cj8p00t3e5ni9e8iofg8ghvk7/gradle-2.14.1/lib/plugins/bcpg-jdk15on-1.51.jar
7f56ec490000-7f56ec492000 r--s 0000d000 08:01 524422                     /home/usa/.gradle/wrapper/dists/gradle-2.14.1-all/4cj8p00t3e5ni9e8iofg8ghvk7/gradle-2.14.1/lib/plugins/gradle-signing-2.14.1.jar
7f56ec492000-7f56ec495000 r--s 00009000 08:01 524420                     /home/usa/.gradle/wrapper/dists/gradle-2.14.1-all/4cj8p00t3e5ni9e8iofg8ghvk7/gradle-2.14.1/lib/plugins/gradle-scala-2.14.1.jar
7f56ec495000-7f56ec496000 r--s 00004000 08:01 524449                     /home/usa/.gradle/wrapper/dists/gradle-2.14.1-all/4cj8p00t3e5ni9e8iofg8ghvk7/gradle-2.14.1/lib/plugins/gradle-resources-sftp-2.14.1.jar
7f56ec496000-7f56ec4a6000 r--s 00088000 08:01 524484                     /home/usa/.gradle/wrapper/dists/gradle-2.14.1-all/4cj8p00t3e5ni9e8iofg8ghvk7/gradle-2.14.1/lib/plugins/joda-time-2.8.2.jar
7f56ec4a6000-7f56ec4b7000 r--s 000cf000 08:01 524483                     /home/usa/.gradle/wrapper/dists/gradle-2.14.1-all/4cj8p00t3e5ni9e8iofg8ghvk7/gradle-2.14.1/lib/plugins/jackson-databind-2.3.2.jar
7f56ec4b7000-7f56ec4b9000 r--s 00007000 08:01 524482                     /home/usa/.gradle/wrapper/dists/gradle-2.14.1-all/4cj8p00t3e5ni9e8iofg8ghvk7/gradle-2.14.1/lib/plugins/jackson-annotations-2.3.2.jar
7f56ec4b9000-7f56ec4bc000 r--s 0002e000 08:01 524481                     /home/usa/.gradle/wrapper/dists/gradle-2.14.1-all/4cj8p00t3e5ni9e8iofg8ghvk7/gradle-2.14.1/lib/plugins/jackson-core-2.3.2.jar
7f56ec4bc000-7f56ec4c7000 r--s 0006b000 08:01 524480                     /home/usa/.gradle/wrapper/dists/gradle-2.14.1-all/4cj8p00t3e5ni9e8iofg8ghvk7/gradle-2.14.1/lib/plugins/aws-java-sdk-core-1.9.19.jar
7f56ec4c7000-7f56ec4cd000 r--s 00036000 08:01 524479                     /home/usa/.gradle/wrapper/dists/gradle-2.14.1-all/4cj8p00t3e5ni9e8iofg8ghvk7/gradle-2.14.1/lib/plugins/aws-java-sdk-kms-1.9.19.jar
7f56ec4cd000-7f56ec4d8000 r--s 00079000 08:01 524478                     /home/usa/.gradle/wrapper/dists/gradle-2.14.1-all/4cj8p00t3e5ni9e8iofg8ghvk7/gradle-2.14.1/lib/plugins/aws-java-sdk-s3-1.9.19.jar
7f56ec4d8000-7f56ec4d9000 r--s 00003000 08:01 524450                     /home/usa/.gradle/wrapper/dists/gradle-2.14.1-all/4cj8p00t3e5ni9e8iofg8ghvk7/gradle-2.14.1/lib/plugins/gradle-resources-s3-2.14.1.jar
7f56ec4d9000-7f56ec4db000 r--s 00005000 08:01 524472                     /home/usa/.gradle/wrapper/dists/gradle-2.14.1-all/4cj8p00t3e5ni9e8iofg8ghvk7/gradle-2.14.1/lib/plugins/jatl-0.2.2.jar
7f56ec4db000-7f56ec4dd000 r--s 0000f000 08:01 524427                     /home/usa/.gradle/wrapper/dists/gradle-2.14.1-all/4cj8p00t3e5ni9e8iofg8ghvk7/gradle-2.14.1/lib/plugins/gradle-reporting-2.14.1.jar
7f56ec4dd000-7f56ec4df000 r--s 00002000 08:01 524428                     /home/usa/.gradle/wrapper/dists/gradle-2.14.1-all/4cj8p00t3e5ni9e8iofg8ghvk7/gradle-2.14.1/lib/plugins/gradle-publish-2.14.1.jar
7f56ec4df000-7f56ec4e1000 r--s 00009000 08:01 524454                     /home/usa/.gradle/wrapper/dists/gradle-2.14.1-all/4cj8p00t3e5ni9e8iofg8ghvk7/gradle-2.14.1/lib/plugins/commons-cli-1.2.jar
7f56ec4e1000-7f56ec4e7000 r--s 00033000 08:01 524412                     /home/usa/.gradle/wrapper/dists/gradle-2.14.1-all/4cj8p00t3e5ni9e8iofg8ghvk7/gradle-2.14.1/lib/plugins/gradle-plugins-2.14.1.jar
7f56ec4e7000-7f56ec4e9000 r--s 00007000 08:01 524446                     /home/usa/.gradle/wrapper/dists/gradle-2.14.1-all/4cj8p00t3e5ni9e8iofg8ghvk7/gradle-2.14.1/lib/plugins/gradle-plugin-development-2.14.1.jar
7f56ec4e9000-7f56ec4ef000 r--s 0002a000 08:01 524439                     /home/usa/.gradle/wrapper/dists/gradle-2.14.1-all/4cj8p00t3e5ni9e8iofg8ghvk7/gradle-2.14.1/lib/plugins/gradle-platform-play-2.14.1.jar
7f56ec4ef000-7f56ec4fc000 r--s 0004d000 08:01 524438                     /home/usa/.gradle/wrapper/dists/gradle-2.14.1-all/4cj8p00t3e5ni9e8iofg8ghvk7/gradle-2.14.1/lib/plugins/gradle-platform-native-2.14.1.jar
7f56ec4fc000-7f56ec500000 r--s 0001a000 08:01 524433                     /home/usa/.gradle/wrapper/dists/gradle-2.14.1-all/4cj8p00t3e5ni9e8iofg8ghvk7/gradle-2.14.1/lib/plugins/gradle-platform-jvm-2.14.1.jar
7f56ec500000-7f56ec507000 r--s 00029000 08:01 524432                     /home/usa/.gradle/wrapper/dists/gradle-2.14.1-all/4cj8p00t3e5ni9e8iofg8ghvk7/gradle-2.14.1/lib/plugins/gradle-platform-base-2.14.1.jar
7f56ec507000-7f56ec528000 r--s 001c3000 08:01 524462                     /home/usa/.gradle/wrapper/dists/gradle-2.14.1-all/4cj8p00t3e5ni9e8iofg8ghvk7/gradle-2.14.1/lib/plugins/bndlib-2.4.0.jar
7f56ec528000-7f56ec52a000 r--s 00003000 08:01 524416                     /home/usa/.gradle/wrapper/dists/gradle-2.14.1-all/4cj8p00t3e5ni9e8iofg8ghvk7/gradle-2.14.1/lib/plugins/gradle-osgi-2.14.1.jar
7f56ec52a000-7f56ec52d000 r--s 0000c000 08:01 524465                     /home/usa/.gradle/wrapper/dists/gradle-2.14.1-all/4cj8p00t3e5ni9e8iofg8ghvk7/gradle-2.14.1/lib/plugins/pmaven-groovy-0.8-20100325.jar
7f56ec52d000-7f56ec52e000 r--s 00004000 08:01 524464                     /home/usa/.gradle/wrapper/dists/gradle-2.14.1-all/4cj8p00t3e5ni9e8iofg8ghvk7/gradle-2.14.1/lib/plugins/pmaven-common-0.8-20100325.jar
7f56ec52e000-7f56ec534000 r--s 00022000 08:01 524417                     /home/usa/.gradle/wrapper/dists/gradle-2.14.1-all/4cj8p00t3e5ni9e8iofg8ghvk7/gradle-2.14.1/lib/plugins/gradle-maven-2.14.1.jar
7f56ec534000-7f56ec536000 r--s 0000a000 08:01 524437                     /home/usa/.gradle/wrapper/dists/gradle-2.14.1-all/4cj8p00t3e5ni9e8iofg8ghvk7/gradle-2.14.1/lib/plugins/gradle-language-scala-2.14.1.jar
7f56ec536000-7f56ec53c000 r--s 0001a000 08:01 524441                     /home/usa/.gradle/wrapper/dists/gradle-2.14.1-all/4cj8p00t3e5ni9e8iofg8ghvk7/gradle-2.14.1/lib/plugins/gradle-language-native-2.14.1.jar
7f56ec53c000-7f56ec53e000 r--s 00008000 08:01 524434                     /home/usa/.gradle/wrapper/dists/gradle-2.14.1-all/4cj8p00t3e5ni9e8iofg8ghvk7/gradle-2.14.1/lib/plugins/gradle-language-jvm-2.14.1.jar
7f56ec53e000-7f56ec544000 r--s 00024000 08:01 524435                     /home/usa/.gradle/wrapper/dists/gradle-2.14.1-all/4cj8p00t3e5ni9e8iofg8ghvk7/gradle-2.14.1/lib/plugins/gradle-language-java-2.14.1.jar
7f56ec544000-7f56ec546000 r--s 0000a000 08:01 524436                     /home/usa/.gradle/wrapper/dists/gradle-2.14.1-all/4cj8p00t3e5ni9e8iofg8ghvk7/gradle-2.14.1/lib/plugins/gradle-language-groovy-2.14.1.jar
7f56ec546000-7f56ec549000 r--s 0001e000 08:01 524490                     /home/usa/.gradle/wrapper/dists/gradle-2.14.1-all/4cj8p00t3e5ni9e8iofg8ghvk7/gradle-2.14.1/lib/plugins/jsp-api-2.1-6.1.14.jar
7f56ec549000-7f56ec56c000 r--s 00344000 08:01 524489                     /home/usa/.gradle/wrapper/dists/gradle-2.14.1-all/4cj8p00t3e5ni9e8iofg8ghvk7/gradle-2.14.1/lib/plugins/core-3.1.1.jar
7f56ec56c000-7f56ec56d000 r--s 00006000 08:01 524488                     /home/usa/.gradle/wrapper/dists/gradle-2.14.1-all/4cj8p00t3e5ni9e8iofg8ghvk7/gradle-2.14.1/lib/plugins/jetty-naming-6.1.25.jar
7f56ec56d000-7f56ec56e000 r--s 00002000 08:01 524461                     /home/usa/.gradle/wrapper/dists/gradle-2.14.1-all/4cj8p00t3e5ni9e8iofg8ghvk7/gradle-2.14.1/lib/plugins/geronimo-annotation_1.0_spec-1.0.jar
7f56ec56e000-7f56ec570000 r--s 00002000 08:01 524460                     /home/usa/.gradle/wrapper/dists/gradle-2.14.1-all/4cj8p00t3e5ni9e8iofg8ghvk7/gradle-2.14.1/lib/plugins/jetty-annotations-6.1.25.jar
7f56ec570000-7f56ec581000 r--s 000ea000 08:01 524459                     /home/usa/.gradle/wrapper/dists/gradle-2.14.1-all/4cj8p00t3e5ni9e8iofg8ghvk7/gradle-2.14.1/lib/plugins/jsp-2.1-6.1.14.jar
7f56ec581000-7f56ec583000 r--s 0000d000 08:01 524458                     /home/usa/.gradle/wrapper/dists/gradle-2.14.1-all/4cj8p00t3e5ni9e8iofg8ghvk7/gradle-2.14.1/lib/plugins/jetty-plus-6.1.25.jar
7f56ec583000-7f56ec585000 r--s 0001f000 08:01 524457                     /home/usa/.gradle/wrapper/dists/gradle-2.14.1-all/4cj8p00t3e5ni9e8iofg8ghvk7/gradle-2.14.1/lib/plugins/servlet-api-2.5-20081211.jar
7f56ec585000-7f56ec589000 r--s 00028000 08:01 524456                     /home/usa/.gradle/wrapper/dists/gradle-2.14.1-all/4cj8p00t3e5ni9e8iofg8ghvk7/gradle-2.14.1/lib/plugins/jetty-util-6.1.25.jar
7f56ec589000-7f56ec590000 r--s 0007d000 08:01 524455                     /home/usa/.gradle/wrapper/dists/gradle-2.14.1-all/4cj8p00t3e5ni9e8iofg8ghvk7/gradle-2.14.1/lib/plugins/jetty-6.1.25.jar
7f56ec590000-7f56ec592000 r--s 00009000 08:01 524414                     /home/usa/.gradle/wrapper/dists/gradle-2.14.1-all/4cj8p00t3e5ni9e8iofg8ghvk7/gradle-2.14.1/lib/plugins/gradle-jetty-2.14.1.jar
7f56ec592000-7f56ec599000 r--s 00035000 08:01 524471                     /home/usa/.gradle/wrapper/dists/gradle-2.14.1-all/4cj8p00t3e5ni9e8iofg8ghvk7/gradle-2.14.1/lib/plugins/simple-4.1.21.jar
7f56ec599000-7f56ec5a5000 r--s 00100000 08:01 524469                     /home/usa/.gradle/wrapper/dists/gradle-2.14.1-all/4cj8p00t3e5ni9e8iofg8ghvk7/gradle-2.14.1/lib/plugins/rhino-1.7R3.jar
7f56ec5a5000-7f56ec5a9000 r--s 00011000 08:01 524424                     /home/usa/.gradle/wrapper/dists/gradle-2.14.1-all/4cj8p00t3e5ni9e8iofg8ghvk7/gradle-2.14.1/lib/plugins/gradle-javascript-2.14.1.jar
7f56ec5a9000-7f56ec5ab000 r--s 0000c000 08:01 524430                     /home/usa/.gradle/wrapper/dists/gradle-2.14.1-all/4cj8p00t3e5ni9e8iofg8ghvk7/gradle-2.14.1/lib/plugins/gradle-jacoco-2.14.1.jar
7f56ec5ab000-7f56ec5ae000 r--s 0000e000 08:01 524429                     /home/usa/.gradle/wrapper/dists/gradle-2.14.1-all/4cj8p00t3e5ni9e8iofg8ghvk7/gradle-2.14.1/lib/plugins/gradle-ivy-2.14.1.jar
7f56ec5ae000-7f56ec5af000 r--s 00002000 08:01 524440                     /home/usa/.gradle/wrapper/dists/gradle-2.14.1-all/4cj8p00t3e5ni9e8iofg8ghvk7/gradle-2.14.1/lib/plugins/gradle-ide-play-2.14.1.jar
7f56ec5af000-7f56ec5b4000 r--s 0002b000 08:01 524442                     /home/usa/.gradle/wrapper/dists/gradle-2.14.1-all/4cj8p00t3e5ni9e8iofg8ghvk7/gradle-2.14.1/lib/plugins/gradle-ide-native-2.14.1.jar
7f56ec5b4000-7f56ec5bf000 r--s 00066000 08:01 524418                     /home/usa/.gradle/wrapper/dists/gradle-2.14.1-all/4cj8p00t3e5ni9e8iofg8ghvk7/gradle-2.14.1/lib/plugins/gradle-ide-2.14.1.jar
7f56ec5bf000-7f56ec5c0000 r--s 00008000 08:01 524423                     /home/usa/.gradle/wrapper/dists/gradle-2.14.1-all/4cj8p00t3e5ni9e8iofg8ghvk7/gradle-2.14.1/lib/plugins/gradle-ear-2.14.1.jar
7f56ec5c0000-7f56ec5c6000 r--s 00032000 08:01 524426                     /home/usa/.gradle/wrapper/dists/gradle-2.14.1-all/4cj8p00t3e5ni9e8iofg8ghvk7/gradle-2.14.1/lib/plugins/gradle-diagnostics-2.14.1.jar
7f56ec5c6000-7f56ec5ca000 r--s 00021000 08:01 524413                     /home/usa/.gradle/wrapper/dists/gradle-2.14.1-all/4cj8p00t3e5ni9e8iofg8ghvk7/gradle-2.14.1/lib/plugins/gradle-code-quality-2.14.1.jar
7f56ec5ca000-7f56ec5ce000 r--s 0001f000 08:01 524431                     /home/usa/.gradle/wrapper/dists/gradle-2.14.1-all/4cj8p00t3e5ni9e8iofg8ghvk7/gradle-2.14.1/lib/plugins/gradle-build-init-2.14.1.jar
7f56ec5ce000-7f56ec5d5000 r--s 0008e000 08:01 524425                     /home/usa/.gradle/wrapper/dists/gradle-2.14.1-all/4cj8p00t3e5ni9e8iofg8ghvk7/gradle-2.14.1/lib/plugins/gradle-build-comparison-2.14.1.jar
7f56ec5d5000-7f56ec5d7000 r--s 00008000 08:01 524415                     /home/usa/.gradle/wrapper/dists/gradle-2.14.1-all/4cj8p00t3e5ni9e8iofg8ghvk7/gradle-2.14.1/lib/plugins/gradle-antlr-2.14.1.jar
7f56ec5d7000-7f56ec5d9000 r--s 00004000 08:01 524419                     /home/usa/.gradle/wrapper/dists/gradle-2.14.1-all/4cj8p00t3e5ni9e8iofg8ghvk7/gradle-2.14.1/lib/plugins/gradle-announce-2.14.1.jar
7f56ec5d9000-7f56ec5f1000 r--s 00115000 08:01 524520                     /home/usa/.gradle/wrapper/dists/gradle-2.14.1-all/4cj8p00t3e5ni9e8iofg8ghvk7/gradle-2.14.1/lib/plugins/xercesImpl-2.9.1.jar
7f56ec5f1000-7f56ec5f9000 r--s 00028000 08:01 524521                     /home/usa/.gradle/wrapper/dists/gradle-2.14.1-all/4cj8p00t3e5ni9e8iofg8ghvk7/gradle-2.14.1/lib/plugins/xml-apis-1.3.04.jar
7f56ec5f9000-7f56ec5ff000 r--s 0005b000 08:01 524519                     /home/usa/.gradle/wrapper/dists/gradle-2.14.1-all/4cj8p00t3e5ni9e8iofg8ghvk7/gradle-2.14.1/lib/plugins/jcifs-1.3.17.jar
7f56ec5ff000-7f56ec606000 r--s 00049000 08:01 524518                     /home/usa/.gradle/wrapper/dists/gradle-2.14.1-all/4cj8p00t3e5ni9e8iofg8ghvk7/gradle-2.14.1/lib/plugins/httpcore-4.4.4.jar
7f56ec606000-7f56ec60c000 r--s 00033000 08:01 524466                     /home/usa/.gradle/wrapper/dists/gradle-2.14.1-all/4cj8p00t3e5ni9e8iofg8ghvk7/gradle-2.14.1/lib/plugins/commons-codec-1.6.jar
7f56ec60c000-7f56ec60f000 r--s 0001c000 08:01 524476                     /home/usa/.gradle/wrapper/dists/gradle-2.14.1-all/4cj8p00t3e5ni9e8iofg8ghvk7/gradle-2.14.1/lib/plugins/nekohtml-1.9.14.jar
7f56ec60f000-7f56ec61c000 r--s 000a4000 08:01 524475                     /home/usa/.gradle/wrapper/dists/gradle-2.14.1-all/4cj8p00t3e5ni9e8iofg8ghvk7/gradle-2.14.1/lib/plugins/httpclient-4.4.1.jar
7f56ec61c000-7f56ec61e000 r--s 0000a000 08:01 524448                     /home/usa/.gradle/wrapper/dists/gradle-2.14.1-all/4cj8p00t3e5ni9e8iofg8ghvk7/gradle-2.14.1/lib/plugins/gradle-resources-http-2.14.1.jar
7f56ec61e000-7f56ec622000 r--s 00014000 08:01 524447                     /home/usa/.gradle/wrapper/dists/gradle-2.14.1-all/4cj8p00t3e5ni9e8iofg8ghvk7/gradle-2.14.1/lib/plugins/gradle-plugin-use-2.14.1.jar
7f56ec622000-7f56ec623000 r--s 00000000 08:01 524363                     /home/usa/.gradle/wrapper/dists/gradle-2.14.1-all/4cj8p00t3e5ni9e8iofg8ghvk7/gradle-2.14.1/lib/gradle-installation-beacon-2.14.1.jar
7f56ec623000-7f56ec624000 r--s 00007000 08:01 524514                     /home/usa/.gradle/wrapper/dists/gradle-2.14.1-all/4cj8p00t3e5ni9e8iofg8ghvk7/gradle-2.14.1/lib/plugins/wagon-http-shared4-2.4.jar
7f56ec624000-7f56ec628000 r--s 00033000 08:01 524513                     /home/usa/.gradle/wrapper/dists/gradle-2.14.1-all/4cj8p00t3e5ni9e8iofg8ghvk7/gradle-2.14.1/lib/plugins/plexus-utils-2.0.6.jar
7f56ec628000-7f56ec62c000 r--s 00021000 08:01 524512                     /home/usa/.gradle/wrapper/dists/gradle-2.14.1-all/4cj8p00t3e5ni9e8iofg8ghvk7/gradle-2.14.1/lib/plugins/maven-model-builder-3.0.4.jar
7f56ec62c000-7f56ec62d000 r--s 00002000 08:01 524511                     /home/usa/.gradle/wrapper/dists/gradle-2.14.1-all/4cj8p00t3e5ni9e8iofg8ghvk7/gradle-2.14.1/lib/plugins/wagon-file-2.4.jar
7f56ec62d000-7f56ec62f000 r--s 00002000 08:01 524510                     /home/usa/.gradle/wrapper/dists/gradle-2.14.1-all/4cj8p00t3e5ni9e8iofg8ghvk7/gradle-2.14.1/lib/plugins/plexus-cipher-1.7.jar
7f56ec62f000-7f56ec632000 r--s 00013000 08:01 524509                     /home/usa/.gradle/wrapper/dists/gradle-2.14.1-all/4cj8p00t3e5ni9e8iofg8ghvk7/gradle-2.14.1/lib/plugins/aether-api-1.13.1.jar
7f56ec632000-7f56ec634000 r--s 0000a000 08:01 524508                     /home/usa/.gradle/wrapper/dists/gradle-2.14.1-all/4cj8p00t3e5ni9e8iofg8ghvk7/gradle-2.14.1/lib/plugins/maven-settings-3.0.4.jar
7f56ec634000-7f56ec636000 r--s 0000d000 08:01 524507                     /home/usa/.gradle/wrapper/dists/gradle-2.14.1-all/4cj8p00t3e5ni9e8iofg8ghvk7/gradle-2.14.1/lib/plugins/plexus-interpolation-1.14.jar
7f56ec636000-7f56ec638000 r--s 0000b000 08:01 524506                     /home/usa/.gradle/wrapper/dists/gradle-2.14.1-all/4cj8p00t3e5ni9e8iofg8ghvk7/gradle-2.14.1/lib/plugins/maven-artifact-3.0.4.jar
7f56ec638000-7f56ec63f000 r--s 0002e000 08:01 524505                     /home/usa/.gradle/wrapper/dists/gradle-2.14.1-all/4cj8p00t3e5ni9e8iofg8ghvk7/gradle-2.14.1/lib/plugins/plexus-container-default-1.5.5.jar
7f56ec63f000-7f56ec641000 r--s 0000b000 08:01 524504                     /home/usa/.gradle/wrapper/dists/gradle-2.14.1-all/4cj8p00t3e5ni9e8iofg8ghvk7/gradle-2.14.1/lib/plugins/maven-plugin-api-3.0.4.jar
7f56ec641000-7f56ec643000 r--s 00000000 08:01 524522                     /home/usa/.gradle/wrapper/dists/gradle-2.14.1-all/4cj8p00t3e5ni9e8iofg8ghvk7/gradle-2.14.1/lib/plugins/plexus-component-annotations-1.5.5.jar
7f56ec643000-7f56ec649000 r--s 0003f000 08:01 524503                     /home/usa/.gradle/wrapper/dists/gradle-2.14.1-all/4cj8p00t3e5ni9e8iofg8ghvk7/gradle-2.14.1/lib/plugins/maven-compat-3.0.4.jar
7f56ec649000-7f56ec64c000 r--s 00008000 08:01 524502                     /home/usa/.gradle/wrapper/dists/gradle-2.14.1-all/4cj8p00t3e5ni9e8iofg8ghvk7/gradle-2.14.1/lib/plugins/maven-settings-builder-3.0.4.jar
7f56ec64c000-7f56ec64d000 r--s 00002000 08:01 524501                     /home/usa/.gradle/wrapper/dists/gradle-2.14.1-all/4cj8p00t3e5ni9e8iofg8ghvk7/gradle-2.14.1/lib/plugins/wagon-http-2.4.jar
7f56ec64d000-7f56ec64f000 r--s 00026000 08:01 524500                     /home/usa/.gradle/wrapper/dists/gradle-2.14.1-all/4cj8p00t3e5ni9e8iofg8ghvk7/gradle-2.14.1/lib/plugins/maven-model-3.0.4.jar
7f56ec64f000-7f56ec651000 r--s 00006000 08:01 524499                     /home/usa/.gradle/wrapper/dists/gradle-2.14.1-all/4cj8p00t3e5ni9e8iofg8ghvk7/gradle-2.14.1/lib/plugins/aether-connector-wagon-1.13.1.jar
7f56ec651000-7f56ec653000 r--s 0000a000 08:01 524498                     /home/usa/.gradle/wrapper/dists/gradle-2.14.1-all/4cj8p00t3e5ni9e8iofg8ghvk7/gradle-2.14.1/lib/plugins/plexus-classworlds-2.4.jar
7f56ec653000-7f56ec669000 r-xp 00000000 08:01 7081                       /lib/x86_64-linux-gnu/libgcc_s.so.1
7f56ec669000-7f56ec868000 ---p 00016000 08:01 7081                       /lib/x86_64-linux-gnu/libgcc_s.so.1
7f56ec868000-7f56ec869000 rw-p 00015000 08:01 7081                       /lib/x86_64-linux-gnu/libgcc_s.so.1
7f56ec869000-7f56ec9db000 r-xp 00000000 08:01 131877                     /usr/lib/x86_64-linux-gnu/libstdc++.so.6.0.21
7f56ec9db000-7f56ecbdb000 ---p 00172000 08:01 131877                     /usr/lib/x86_64-linux-gnu/libstdc++.so.6.0.21
7f56ecbdb000-7f56ecbe5000 r--p 00172000 08:01 131877                     /usr/lib/x86_64-linux-gnu/libstdc++.so.6.0.21
7f56ecbe5000-7f56ecbe7000 rw-p 0017c000 08:01 131877                     /usr/lib/x86_64-linux-gnu/libstdc++.so.6.0.21
7f56ecbe7000-7f56ecbeb000 rw-p 00000000 00:00 0 
7f56ecbeb000-7f56ecbef000 r-xp 00000000 08:01 554861                     /home/usa/.gradle/native/19/linux-amd64/libnative-platform.so
7f56ecbef000-7f56ecdee000 ---p 00004000 08:01 554861                     /home/usa/.gradle/native/19/linux-amd64/libnative-platform.so
7f56ecdee000-7f56ecdef000 rw-p 00003000 08:01 554861                     /home/usa/.gradle/native/19/linux-amd64/libnative-platform.so
7f56ecdef000-7f56ece00000 r-xp 00000000 08:01 404464                     /usr/lib/jvm/java-8-oracle/jre/lib/amd64/libnio.so
7f56ece00000-7f56ecfff000 ---p 00011000 08:01 404464                     /usr/lib/jvm/java-8-oracle/jre/lib/amd64/libnio.so
7f56ecfff000-7f56ed000000 rw-p 00010000 08:01 404464                     /usr/lib/jvm/java-8-oracle/jre/lib/amd64/libnio.so
7f56ed000000-7f56ee800000 rwxp 00000000 00:00 0 
7f56ee800000-7f56fc000000 ---p 00000000 00:00 0 
7f56fc000000-7f56fcb76000 rw-p 00000000 00:00 0 
7f56fcb76000-7f5700000000 ---p 00000000 00:00 0 
7f5700000000-7f5700002000 r--s 00006000 08:01 524497                     /home/usa/.gradle/wrapper/dists/gradle-2.14.1-all/4cj8p00t3e5ni9e8iofg8ghvk7/gradle-2.14.1/lib/plugins/maven-repository-metadata-3.0.4.jar
7f5700002000-7f5700004000 r--s 0000c000 08:01 524496                     /home/usa/.gradle/wrapper/dists/gradle-2.14.1-all/4cj8p00t3e5ni9e8iofg8ghvk7/gradle-2.14.1/lib/plugins/maven-aether-provider-3.0.4.jar
7f5700004000-7f5700006000 r--s 0000b000 08:01 524495                     /home/usa/.gradle/wrapper/dists/gradle-2.14.1-all/4cj8p00t3e5ni9e8iofg8ghvk7/gradle-2.14.1/lib/plugins/wagon-provider-api-2.4.jar
7f5700006000-7f5700007000 r--s 00003000 08:01 524494                     /home/usa/.gradle/wrapper/dists/gradle-2.14.1-all/4cj8p00t3e5ni9e8iofg8ghvk7/gradle-2.14.1/lib/plugins/aether-spi-1.13.1.jar
7f5700007000-7f570000b000 r--s 0001c000 08:01 524493                     /home/usa/.gradle/wrapper/dists/gradle-2.14.1-all/4cj8p00t3e5ni9e8iofg8ghvk7/gradle-2.14.1/lib/plugins/aether-util-1.13.1.jar
7f570000b000-7f570000e000 r--s 0001d000 08:01 524492                     /home/usa/.gradle/wrapper/dists/gradle-2.14.1-all/4cj8p00t3e5ni9e8iofg8ghvk7/gradle-2.14.1/lib/plugins/aether-impl-1.13.1.jar
7f570000e000-7f570000f000 r--s 00006000 08:01 524491                     /home/usa/.gradle/wrapper/dists/gradle-2.14.1-all/4cj8p00t3e5ni9e8iofg8ghvk7/gradle-2.14.1/lib/plugins/plexus-sec-dispatcher-1.3.jar
7f570000f000-7f5700014000 r--s 00040000 08:01 524477                     /home/usa/.gradle/wrapper/dists/gradle-2.14.1-all/4cj8p00t3e5ni9e8iofg8ghvk7/gradle-2.14.1/lib/plugins/jsch-0.1.53.jar
7f5700014000-7f5700054000 r--s 00277000 08:01 524487                     /home/usa/.gradle/wrapper/dists/gradle-2.14.1-all/4cj8p00t3e5ni9e8iofg8ghvk7/gradle-2.14.1/lib/plugins/bcprov-jdk15on-1.51.jar
7f5700054000-7f5700058000 r--s 0001d000 08:01 524486                     /home/usa/.gradle/wrapper/dists/gradle-2.14.1-all/4cj8p00t3e5ni9e8iofg8ghvk7/gradle-2.14.1/lib/plugins/xbean-reflect-3.4.jar
7f5700058000-7f5700064000 r--s 0007d000 08:01 524463                     /home/usa/.gradle/wrapper/dists/gradle-2.14.1-all/4cj8p00t3e5ni9e8iofg8ghvk7/gradle-2.14.1/lib/plugins/maven-core-3.0.4.jar
7f5700064000-7f5700069000 r--s 0002a000 08:01 524470                     /home/usa/.gradle/wrapper/dists/gradle-2.14.1-all/4cj8p00t3e5ni9e8iofg8ghvk7/gradle-2.14.1/lib/plugins/gson-2.2.4.jar
7f5700069000-7f5700078000 r--s 000d9000 08:01 524485                     /home/usa/.gradle/wrapper/dists/gradle-2.14.1-all/4cj8p00t3e5ni9e8iofg8ghvk7/gradle-2.14.1/lib/plugins/ivy-2.2.0.jar
7f5700078000-7f5700094000 r--s 000d3000 08:01 524452                     /home/usa/.gradle/wrapper/dists/gradle-2.14.1-all/4cj8p00t3e5ni9e8iofg8ghvk7/gradle-2.14.1/lib/plugins/gradle-dependency-management-2.14.1.jar
7f5700094000-7f5700395000 rw-p 00000000 00:00 0 
7f5700395000-7f57003ab000 r-xp 00000000 08:01 404439                     /usr/lib/jvm/java-8-oracle/jre/lib/amd64/libnet.so
7f57003ab000-7f57005ab000 ---p 00016000 08:01 404439                     /usr/lib/jvm/java-8-oracle/jre/lib/amd64/libnet.so
7f57005ab000-7f57005ac000 rw-p 00016000 08:01 404439                     /usr/lib/jvm/java-8-oracle/jre/lib/amd64/libnet.so
7f57005ac000-7f57005b6000 r--s 00116000 08:01 404519                     /usr/lib/jvm/java-8-oracle/jre/lib/ext/localedata.jar
7f57005b6000-7f57005b8000 r--s 00005000 08:01 524362                     /home/usa/.gradle/wrapper/dists/gradle-2.14.1-all/4cj8p00t3e5ni9e8iofg8ghvk7/gradle-2.14.1/lib/gradle-wrapper-2.14.1.jar
7f57005b8000-7f57005c6000 r--s 0004f000 08:01 524369                     /home/usa/.gradle/wrapper/dists/gradle-2.14.1-all/4cj8p00t3e5ni9e8iofg8ghvk7/gradle-2.14.1/lib/gradle-tooling-api-2.14.1.jar
7f57005c6000-7f57005c8000 r--s 00002000 08:01 524389                     /home/usa/.gradle/wrapper/dists/gradle-2.14.1-all/4cj8p00t3e5ni9e8iofg8ghvk7/gradle-2.14.1/lib/gradle-open-api-2.14.1.jar
7f57005c8000-7f57005ce000 r--s 00032000 08:01 524391                     /home/usa/.gradle/wrapper/dists/gradle-2.14.1-all/4cj8p00t3e5ni9e8iofg8ghvk7/gradle-2.14.1/lib/jaxen-1.1.jar
7f57005ce000-7f57005d3000 r--s 00048000 08:01 524390                     /home/usa/.gradle/wrapper/dists/gradle-2.14.1-all/4cj8p00t3e5ni9e8iofg8ghvk7/gradle-2.14.1/lib/dom4j-1.6.1.jar
7f57005d3000-7f57005de000 r--s 00059000 08:01 524368                     /home/usa/.gradle/wrapper/dists/gradle-2.14.1-all/4cj8p00t3e5ni9e8iofg8ghvk7/gradle-2.14.1/lib/gradle-ui-2.14.1.jar
7f57005de000-7f57005e1000 r--s 0000b000 08:01 524387                     /home/usa/.gradle/wrapper/dists/gradle-2.14.1-all/4cj8p00t3e5ni9e8iofg8ghvk7/gradle-2.14.1/lib/gradle-resources-2.14.1.jar
7f57005e1000-7f57005e3000 r--s 00003000 08:01 524399                     /home/usa/.gradle/wrapper/dists/gradle-2.14.1-all/4cj8p00t3e5ni9e8iofg8ghvk7/gradle-2.14.1/lib/jcl-over-slf4j-1.7.10.jar
7f57005e3000-7f57005e4000 r--s 00005000 08:01 524398                     /home/usa/.gradle/wrapper/dists/gradle-2.14.1-all/4cj8p00t3e5ni9e8iofg8ghvk7/gradle-2.14.1/lib/log4j-over-slf4j-1.7.10.jar
7f57005e4000-7f57005e6000 r--s 00000000 08:01 524397                     /home/usa/.gradle/wrapper/dists/gradle-2.14.1-all/4cj8p00t3e5ni9e8iofg8ghvk7/gradle-2.14.1/lib/jul-to-slf4j-1.7.10.jar
7f57005e6000-7f57005eb000 r--s 0001c000 08:01 524386                     /home/usa/.gradle/wrapper/dists/gradle-2.14.1-all/4cj8p00t3e5ni9e8iofg8ghvk7/gradle-2.14.1/lib/gradle-logging-2.14.1.jar
7f57005eb000-7f57005ed000 r--s 00007000 08:01 524410                     /home/usa/.gradle/wrapper/dists/gradle-2.14.1-all/4cj8p00t3e5ni9e8iofg8ghvk7/gradle-2.14.1/lib/objenesis-1.2.jar
7f57005ed000-7f57005ef000 r--s 00000000 08:01 524409                     /home/usa/.gradle/wrapper/dists/gradle-2.14.1-all/4cj8p00t3e5ni9e8iofg8ghvk7/gradle-2.14.1/lib/minlog-1.2.jar
7f57005ef000-7f57005f1000 r--s 0000f000 08:01 524408                     /home/usa/.gradle/wrapper/dists/gradle-2.14.1-all/4cj8p00t3e5ni9e8iofg8ghvk7/gradle-2.14.1/lib/reflectasm-1.07-shaded.jar
7f57005f1000-7f57005f5000 r--s 00026000 08:01 524396                     /home/usa/.gradle/wrapper/dists/gradle-2.14.1-all/4cj8p00t3e5ni9e8iofg8ghvk7/gradle-2.14.1/lib/kryo-2.20.jar
7f57005f5000-7f57005fb000 r--s 00025000 08:01 524385                     /home/usa/.gradle/wrapper/dists/gradle-2.14.1-all/4cj8p00t3e5ni9e8iofg8ghvk7/gradle-2.14.1/lib/gradle-messaging-2.14.1.jar
7f57005fb000-7f57005fc000 r--s 00003000 08:01 524407                     /home/usa/.gradle/wrapper/dists/gradle-2.14.1-all/4cj8p00t3e5ni9e8iofg8ghvk7/gradle-2.14.1/lib/native-platform-freebsd-amd64-0.10.jar
7f57005fc000-7f57005fd000 r--s 00003000 08:01 524406                     /home/usa/.gradle/wrapper/dists/gradle-2.14.1-all/4cj8p00t3e5ni9e8iofg8ghvk7/gradle-2.14.1/lib/native-platform-freebsd-i386-0.10.jar
7f57005fd000-7f57005fe000 r--s 00005000 08:01 524405                     /home/usa/.gradle/wrapper/dists/gradle-2.14.1-all/4cj8p00t3e5ni9e8iofg8ghvk7/gradle-2.14.1/lib/native-platform-windows-i386-0.10.jar
7f57005fe000-7f57005ff000 r--s 00005000 08:01 524404                     /home/usa/.gradle/wrapper/dists/gradle-2.14.1-all/4cj8p00t3e5ni9e8iofg8ghvk7/gradle-2.14.1/lib/native-platform-windows-amd64-0.10.jar
7f57005ff000-7f5700600000 r--s 00003000 08:01 524403                     /home/usa/.gradle/wrapper/dists/gradle-2.14.1-all/4cj8p00t3e5ni9e8iofg8ghvk7/gradle-2.14.1/lib/native-platform-linux-i386-0.10.jar
7f5700600000-7f5700601000 r--s 00003000 08:01 524402                     /home/usa/.gradle/wrapper/dists/gradle-2.14.1-all/4cj8p00t3e5ni9e8iofg8ghvk7/gradle-2.14.1/lib/native-platform-linux-amd64-0.10.jar
7f5700601000-7f5700602000 r--s 00002000 08:01 524401                     /home/usa/.gradle/wrapper/dists/gradle-2.14.1-all/4cj8p00t3e5ni9e8iofg8ghvk7/gradle-2.14.1/lib/native-platform-osx-amd64-0.10.jar
7f5700602000-7f5700603000 r--s 00002000 08:01 524400                     /home/usa/.gradle/wrapper/dists/gradle-2.14.1-all/4cj8p00t3e5ni9e8iofg8ghvk7/gradle-2.14.1/lib/native-platform-osx-i386-0.10.jar
7f5700603000-7f5700605000 r--s 00008000 08:01 524394                     /home/usa/.gradle/wrapper/dists/gradle-2.14.1-all/4cj8p00t3e5ni9e8iofg8ghvk7/gradle-2.14.1/lib/jansi-1.2.1.jar
7f5700605000-7f5700608000 r--s 0000d000 08:01 524393                     /home/usa/.gradle/wrapper/dists/gradle-2.14.1-all/4cj8p00t3e5ni9e8iofg8ghvk7/gradle-2.14.1/lib/native-platform-0.10.jar
7f5700608000-7f570060c000 r--s 000e4000 08:01 524392                     /home/usa/.gradle/wrapper/dists/gradle-2.14.1-all/4cj8p00t3e5ni9e8iofg8ghvk7/gradle-2.14.1/lib/jna-3.2.7.jar
7f570060c000-7f570060e000 r--s 00009000 08:01 524370                     /home/usa/.gradle/wrapper/dists/gradle-2.14.1-all/4cj8p00t3e5ni9e8iofg8ghvk7/gradle-2.14.1/lib/gradle-native-2.14.1.jar
7f570060e000-7f5700610000 r--s 00005000 08:01 524367                     /home/usa/.gradle/wrapper/dists/gradle-2.14.1-all/4cj8p00t3e5ni9e8iofg8ghvk7/gradle-2.14.1/lib/gradle-cli-2.14.1.jar
7f5700610000-7f5700612000 r--s 00007000 08:01 524377                     /home/usa/.gradle/wrapper/dists/gradle-2.14.1-all/4cj8p00t3e5ni9e8iofg8ghvk7/gradle-2.14.1/lib/gradle-model-groovy-2.14.1.jar
7f5700612000-7f5700613000 r--s 00006000 08:01 524384                     /home/usa/.gradle/wrapper/dists/gradle-2.14.1-all/4cj8p00t3e5ni9e8iofg8ghvk7/gradle-2.14.1/lib/gradle-base-services-groovy-2.14.1.jar
7f5700613000-7f5700622000 r--s 00080000 08:01 524376                     /home/usa/.gradle/wrapper/dists/gradle-2.14.1-all/4cj8p00t3e5ni9e8iofg8ghvk7/gradle-2.14.1/lib/gradle-model-core-2.14.1.jar
7f5700622000-7f5700623000 r--s 00002000 08:01 524388                     /home/usa/.gradle/wrapper/dists/gradle-2.14.1-all/4cj8p00t3e5ni9e8iofg8ghvk7/gradle-2.14.1/lib/gradle-docs-2.14.1.jar
7f5700623000-7f5700624000 r--s 00000000 08:01 524383                     /home/usa/.gradle/wrapper/dists/gradle-2.14.1-all/4cj8p00t3e5ni9e8iofg8ghvk7/gradle-2.14.1/lib/javax.inject-1.jar
7f5700624000-7f5700625000 r--s 00000000 08:01 524382                     /home/usa/.gradle/wrapper/dists/gradle-2.14.1-all/4cj8p00t3e5ni9e8iofg8ghvk7/gradle-2.14.1/lib/jcip-annotations-1.0.jar
7f5700625000-7f5700629000 r--s 00027000 08:01 524381                     /home/usa/.gradle/wrapper/dists/gradle-2.14.1-all/4cj8p00t3e5ni9e8iofg8ghvk7/gradle-2.14.1/lib/commons-io-2.2.jar
7f5700629000-7f5700636000 r--s 00083000 08:01 524380                     /home/usa/.gradle/wrapper/dists/gradle-2.14.1-all/4cj8p00t3e5ni9e8iofg8ghvk7/gradle-2.14.1/lib/commons-collections-3.2.2.jar
7f5700636000-7f570063b000 r--s 00038000 08:01 524378                     /home/usa/.gradle/wrapper/dists/gradle-2.14.1-all/4cj8p00t3e5ni9e8iofg8ghvk7/gradle-2.14.1/lib/asm-all-5.1.jar
7f570063b000-7f57006aa000 r--s 0063e000 08:01 524375                     /home/usa/.gradle/wrapper/dists/gradle-2.14.1-all/4cj8p00t3e5ni9e8iofg8ghvk7/gradle-2.14.1/lib/groovy-all-2.4.4.jar
7f57006aa000-7f57006d2000 r--s 001cf000 08:01 524372                     /home/usa/.gradle/wrapper/dists/gradle-2.14.1-all/4cj8p00t3e5ni9e8iofg8ghvk7/gradle-2.14.1/lib/guava-jdk5-17.0.jar
7f57006d2000-7f57006f1000 r--s 001d1000 08:01 524379                     /home/usa/.gradle/wrapper/dists/gradle-2.14.1-all/4cj8p00t3e5ni9e8iofg8ghvk7/gradle-2.14.1/lib/ant-1.9.6.jar
7f57006f1000-7f5700728000 r--s 001bd000 08:01 524366                     /home/usa/.gradle/wrapper/dists/gradle-2.14.1-all/4cj8p00t3e5ni9e8iofg8ghvk7/gradle-2.14.1/lib/gradle-core-2.14.1.jar
7f5700728000-7f5700729000 ---p 00000000 00:00 0 
7f5700729000-7f5700829000 rw-p 00000000 00:00 0 
7f5700829000-7f570082c000 ---p 00000000 00:00 0 
7f570082c000-7f570092a000 rw-p 00000000 00:00 0 
7f570092a000-7f570092d000 ---p 00000000 00:00 0 
7f570092d000-7f5700a2b000 rw-p 00000000 00:00 0 
7f5700a2b000-7f5700a2e000 ---p 00000000 00:00 0 
7f5700a2e000-7f5700b2c000 rw-p 00000000 00:00 0 
7f5700b2c000-7f5700b2f000 ---p 00000000 00:00 0 
7f5700b2f000-7f5700c2d000 rw-p 00000000 00:00 0 
7f5700c2d000-7f57016e9000 r--p 00000000 08:01 138644                     /usr/lib/locale/locale-archive
7f57016e9000-7f57016ec000 ---p 00000000 00:00 0 
7f57016ec000-7f57017ea000 rw-p 00000000 00:00 0 
7f57017ea000-7f57017ed000 ---p 00000000 00:00 0 
7f57017ed000-7f57018eb000 rw-p 00000000 00:00 0 
7f57018eb000-7f57018ec000 ---p 00000000 00:00 0 
7f57018ec000-7f57019ec000 rw-p 00000000 00:00 0 
7f57019ec000-7f5701bc5000 r--s 03d3e000 08:01 404431                     /usr/lib/jvm/java-8-oracle/jre/lib/rt.jar
7f5701bc5000-7f570243b000 rw-p 00000000 00:00 0 
7f570243b000-7f570248c000 rw-p 00000000 00:00 0 
7f570248c000-7f57026e6000 ---p 00000000 00:00 0 
7f57026e6000-7f570270f000 rw-p 00000000 00:00 0 
7f570270f000-7f570283b000 ---p 00000000 00:00 0 
7f570283b000-7f570288c000 rw-p 00000000 00:00 0 
7f570288c000-7f5702ae6000 ---p 00000000 00:00 0 
7f5702ae6000-7f5702b47000 rw-p 00000000 00:00 0 
7f5702b47000-7f5702ea7000 ---p 00000000 00:00 0 
7f5702ea7000-7f5702ec1000 r-xp 00000000 08:01 404462                     /usr/lib/jvm/java-8-oracle/jre/lib/amd64/libzip.so
7f5702ec1000-7f57030c1000 ---p 0001a000 08:01 404462                     /usr/lib/jvm/java-8-oracle/jre/lib/amd64/libzip.so
7f57030c1000-7f57030c2000 rw-p 0001a000 08:01 404462                     /usr/lib/jvm/java-8-oracle/jre/lib/amd64/libzip.so
7f57030c2000-7f57030cd000 r-xp 00000000 08:01 10023                      /lib/x86_64-linux-gnu/libnss_files-2.23.so
7f57030cd000-7f57032cc000 ---p 0000b000 08:01 10023                      /lib/x86_64-linux-gnu/libnss_files-2.23.so
7f57032cc000-7f57032cd000 r--p 0000a000 08:01 10023                      /lib/x86_64-linux-gnu/libnss_files-2.23.so
7f57032cd000-7f57032ce000 rw-p 0000b000 08:01 10023                      /lib/x86_64-linux-gnu/libnss_files-2.23.so
7f57032ce000-7f57032d4000 rw-p 00000000 00:00 0 
7f57032d4000-7f57032df000 r-xp 00000000 08:01 10008                      /lib/x86_64-linux-gnu/libnss_nis-2.23.so
7f57032df000-7f57034de000 ---p 0000b000 08:01 10008                      /lib/x86_64-linux-gnu/libnss_nis-2.23.so
7f57034de000-7f57034df000 r--p 0000a000 08:01 10008                      /lib/x86_64-linux-gnu/libnss_nis-2.23.so
7f57034df000-7f57034e0000 rw-p 0000b000 08:01 10008                      /lib/x86_64-linux-gnu/libnss_nis-2.23.so
7f57034e0000-7f57034f6000 r-xp 00000000 08:01 10019                      /lib/x86_64-linux-gnu/libnsl-2.23.so
7f57034f6000-7f57036f5000 ---p 00016000 08:01 10019                      /lib/x86_64-linux-gnu/libnsl-2.23.so
7f57036f5000-7f57036f6000 r--p 00015000 08:01 10019                      /lib/x86_64-linux-gnu/libnsl-2.23.so
7f57036f6000-7f57036f7000 rw-p 00016000 08:01 10019                      /lib/x86_64-linux-gnu/libnsl-2.23.so
7f57036f7000-7f57036f9000 rw-p 00000000 00:00 0 
7f57036f9000-7f5703701000 r-xp 00000000 08:01 10020                      /lib/x86_64-linux-gnu/libnss_compat-2.23.so
7f5703701000-7f5703900000 ---p 00008000 08:01 10020                      /lib/x86_64-linux-gnu/libnss_compat-2.23.so
7f5703900000-7f5703901000 r--p 00007000 08:01 10020                      /lib/x86_64-linux-gnu/libnss_compat-2.23.so
7f5703901000-7f5703902000 rw-p 00008000 08:01 10020                      /lib/x86_64-linux-gnu/libnss_compat-2.23.so
7f5703902000-7f570392d000 r-xp 00000000 08:01 404489                     /usr/lib/jvm/java-8-oracle/jre/lib/amd64/libjava.so
7f570392d000-7f5703b2c000 ---p 0002b000 08:01 404489                     /usr/lib/jvm/java-8-oracle/jre/lib/amd64/libjava.so
7f5703b2c000-7f5703b2e000 rw-p 0002a000 08:01 404489                     /usr/lib/jvm/java-8-oracle/jre/lib/amd64/libjava.so
7f5703b2e000-7f5703b3b000 r-xp 00000000 08:01 404440                     /usr/lib/jvm/java-8-oracle/jre/lib/amd64/libverify.so
7f5703b3b000-7f5703d3a000 ---p 0000d000 08:01 404440                     /usr/lib/jvm/java-8-oracle/jre/lib/amd64/libverify.so
7f5703d3a000-7f5703d3c000 rw-p 0000c000 08:01 404440                     /usr/lib/jvm/java-8-oracle/jre/lib/amd64/libverify.so
7f5703d3c000-7f5703d43000 r-xp 00000000 08:01 10007                      /lib/x86_64-linux-gnu/librt-2.23.so
7f5703d43000-7f5703f42000 ---p 00007000 08:01 10007                      /lib/x86_64-linux-gnu/librt-2.23.so
7f5703f42000-7f5703f43000 r--p 00006000 08:01 10007                      /lib/x86_64-linux-gnu/librt-2.23.so
7f5703f43000-7f5703f44000 rw-p 00007000 08:01 10007                      /lib/x86_64-linux-gnu/librt-2.23.so
7f5703f44000-7f570404c000 r-xp 00000000 08:01 10017                      /lib/x86_64-linux-gnu/libm-2.23.so
7f570404c000-7f570424b000 ---p 00108000 08:01 10017                      /lib/x86_64-linux-gnu/libm-2.23.so
7f570424b000-7f570424c000 r--p 00107000 08:01 10017                      /lib/x86_64-linux-gnu/libm-2.23.so
7f570424c000-7f570424d000 rw-p 00108000 08:01 10017                      /lib/x86_64-linux-gnu/libm-2.23.so
7f570424d000-7f5704f1b000 r-xp 00000000 08:01 404493                     /usr/lib/jvm/java-8-oracle/jre/lib/amd64/server/libjvm.so
7f5704f1b000-7f570511b000 ---p 00cce000 08:01 404493                     /usr/lib/jvm/java-8-oracle/jre/lib/amd64/server/libjvm.so
7f570511b000-7f57051f4000 rw-p 00cce000 08:01 404493                     /usr/lib/jvm/java-8-oracle/jre/lib/amd64/server/libjvm.so
7f57051f4000-7f570523f000 rw-p 00000000 00:00 0 
7f570523f000-7f57053fe000 r-xp 00000000 08:01 10012                      /lib/x86_64-linux-gnu/libc-2.23.so
7f57053fe000-7f57055fe000 ---p 001bf000 08:01 10012                      /lib/x86_64-linux-gnu/libc-2.23.so
7f57055fe000-7f5705602000 r--p 001bf000 08:01 10012                      /lib/x86_64-linux-gnu/libc-2.23.so
7f5705602000-7f5705604000 rw-p 001c3000 08:01 10012                      /lib/x86_64-linux-gnu/libc-2.23.so
7f5705604000-7f5705608000 rw-p 00000000 00:00 0 
7f5705608000-7f570560b000 r-xp 00000000 08:01 10011                      /lib/x86_64-linux-gnu/libdl-2.23.so
7f570560b000-7f570580a000 ---p 00003000 08:01 10011                      /lib/x86_64-linux-gnu/libdl-2.23.so
7f570580a000-7f570580b000 r--p 00002000 08:01 10011                      /lib/x86_64-linux-gnu/libdl-2.23.so
7f570580b000-7f570580c000 rw-p 00003000 08:01 10011                      /lib/x86_64-linux-gnu/libdl-2.23.so
7f570580c000-7f5705821000 r-xp 00000000 08:01 403578                     /usr/lib/jvm/java-8-oracle/lib/amd64/jli/libjli.so
7f5705821000-7f5705a21000 ---p 00015000 08:01 403578                     /usr/lib/jvm/java-8-oracle/lib/amd64/jli/libjli.so
7f5705a21000-7f5705a22000 rw-p 00015000 08:01 403578                     /usr/lib/jvm/java-8-oracle/lib/amd64/jli/libjli.so
7f5705a22000-7f5705a3a000 r-xp 00000000 08:01 10018                      /lib/x86_64-linux-gnu/libpthread-2.23.so
7f5705a3a000-7f5705c39000 ---p 00018000 08:01 10018                      /lib/x86_64-linux-gnu/libpthread-2.23.so
7f5705c39000-7f5705c3a000 r--p 00017000 08:01 10018                      /lib/x86_64-linux-gnu/libpthread-2.23.so
7f5705c3a000-7f5705c3b000 rw-p 00018000 08:01 10018                      /lib/x86_64-linux-gnu/libpthread-2.23.so
7f5705c3b000-7f5705c3f000 rw-p 00000000 00:00 0 
7f5705c3f000-7f5705c65000 r-xp 00000000 08:01 10000                      /lib/x86_64-linux-gnu/ld-2.23.so
7f5705c65000-7f5705c66000 r--s 00001000 08:01 524374                     /home/usa/.gradle/wrapper/dists/gradle-2.14.1-all/4cj8p00t3e5ni9e8iofg8ghvk7/gradle-2.14.1/lib/gradle-process-services-2.14.1.jar
7f5705c66000-7f5705c67000 r--s 00000000 08:01 524365                     /home/usa/.gradle/wrapper/dists/gradle-2.14.1-all/4cj8p00t3e5ni9e8iofg8ghvk7/gradle-2.14.1/lib/gradle-jvm-services-2.14.1.jar
7f5705c67000-7f5705c6c000 r--s 00041000 08:01 524373                     /home/usa/.gradle/wrapper/dists/gradle-2.14.1-all/4cj8p00t3e5ni9e8iofg8ghvk7/gradle-2.14.1/lib/commons-lang-2.6.jar
7f5705c6c000-7f5705c74000 r--s 0003a000 08:01 524364                     /home/usa/.gradle/wrapper/dists/gradle-2.14.1-all/4cj8p00t3e5ni9e8iofg8ghvk7/gradle-2.14.1/lib/gradle-base-services-2.14.1.jar
7f5705c74000-7f5705d46000 rw-p 00000000 00:00 0 
7f5705d46000-7f5705d49000 ---p 00000000 00:00 0 
7f5705d49000-7f5705e4b000 rw-p 00000000 00:00 0 
7f5705e4b000-7f5705e4c000 r--s 00007000 08:01 524371                     /home/usa/.gradle/wrapper/dists/gradle-2.14.1-all/4cj8p00t3e5ni9e8iofg8ghvk7/gradle-2.14.1/lib/slf4j-api-1.7.10.jar
7f5705e4c000-7f5705e4d000 r--s 00004000 08:01 524395                     /home/usa/.gradle/wrapper/dists/gradle-2.14.1-all/4cj8p00t3e5ni9e8iofg8ghvk7/gradle-2.14.1/lib/ant-launcher-1.9.6.jar
7f5705e4d000-7f5705e58000 r--s 00051000 08:01 524361                     /home/usa/.gradle/wrapper/dists/gradle-2.14.1-all/4cj8p00t3e5ni9e8iofg8ghvk7/gradle-2.14.1/lib/gradle-launcher-2.14.1.jar
7f5705e58000-7f5705e60000 rw-s 00000000 08:01 426441                     /tmp/hsperfdata_usa/3604
7f5705e60000-7f5705e61000 rw-p 00000000 00:00 0 
7f5705e61000-7f5705e62000 ---p 00000000 00:00 0 
7f5705e62000-7f5705e64000 rw-p 00000000 00:00 0 
7f5705e64000-7f5705e65000 r--p 00025000 08:01 10000                      /lib/x86_64-linux-gnu/ld-2.23.so
7f5705e65000-7f5705e66000 rw-p 00026000 08:01 10000                      /lib/x86_64-linux-gnu/ld-2.23.so
7f5705e66000-7f5705e67000 rw-p 00000000 00:00 0 
7fff61831000-7fff61853000 rw-p 00000000 00:00 0                          [stack]
7fff61936000-7fff61938000 r--p 00000000 00:00 0                          [vvar]
7fff61938000-7fff6193a000 r-xp 00000000 00:00 0                          [vdso]
ffffffffff600000-ffffffffff601000 r-xp 00000000 00:00 0                  [vsyscall]

VM Arguments:
jvm_args: -Xmx2048m -Dfile.encoding=UTF-8 -Duser.country=JP -Duser.language=ja -Duser.variant 
java_command: org.gradle.launcher.daemon.bootstrap.GradleDaemon 2.14.1
java_class_path (initial): /home/usa/.gradle/wrapper/dists/gradle-2.14.1-all/4cj8p00t3e5ni9e8iofg8ghvk7/gradle-2.14.1/lib/gradle-launcher-2.14.1.jar
Launcher Type: SUN_STANDARD

Environment Variables:
JAVA_HOME=/usr/lib/jvm/java-8-oracle
PATH=/home/usa/.nvm/versions/node/v6.2.2/bin:/home/usa/android-sdk-linux/tools:/home/usa/android-sdk-linux/platform-tools:/home/usa/android-sdk-linux/tools:/home/usa/android-sdk-linux/platform-tools:/usr/local/sbin:/usr/local/bin:/usr/sbin:/usr/bin:/sbin:/bin:/usr/games:/usr/local/games:/snap/bin:/usr/lib/jvm/java-8-oracle/bin:/usr/lib/jvm/java-8-oracle/db/bin:/usr/lib/jvm/java-8-oracle/jre/bin
SHELL=/bin/bash
DISPLAY=:0

Signal Handlers:
SIGSEGV: [libjvm.so+0xac78c0], sa_mask[0]=11111111011111111101111111111110, sa_flags=SA_RESTART|SA_SIGINFO
SIGBUS: [libjvm.so+0xac78c0], sa_mask[0]=11111111011111111101111111111110, sa_flags=SA_RESTART|SA_SIGINFO
SIGFPE: [libjvm.so+0x920ac0], sa_mask[0]=11111111011111111101111111111110, sa_flags=SA_RESTART|SA_SIGINFO
SIGPIPE: [libjvm.so+0x920ac0], sa_mask[0]=11111111011111111101111111111110, sa_flags=SA_RESTART|SA_SIGINFO
SIGXFSZ: [libjvm.so+0x920ac0], sa_mask[0]=11111111011111111101111111111110, sa_flags=SA_RESTART|SA_SIGINFO
SIGILL: [libjvm.so+0x920ac0], sa_mask[0]=11111111011111111101111111111110, sa_flags=SA_RESTART|SA_SIGINFO
SIGUSR1: SIG_DFL, sa_mask[0]=00000000000000000000000000000000, sa_flags=none
SIGUSR2: [libjvm.so+0x922300], sa_mask[0]=00100000000000000000000000000000, sa_flags=SA_RESTART|SA_SIGINFO
SIGHUP: [libjvm.so+0x923700], sa_mask[0]=11111111011111111101111111111110, sa_flags=SA_RESTART|SA_SIGINFO
SIGINT: [libjvm.so+0x923700], sa_mask[0]=11111111011111111101111111111110, sa_flags=SA_RESTART|SA_SIGINFO
SIGTERM: [libjvm.so+0x923700], sa_mask[0]=11111111011111111101111111111110, sa_flags=SA_RESTART|SA_SIGINFO
SIGQUIT: [libjvm.so+0x923700], sa_mask[0]=11111111011111111101111111111110, sa_flags=SA_RESTART|SA_SIGINFO


---------------  S Y S T E M  ---------------

OS:DISTRIB_ID=Ubuntu
DISTRIB_RELEASE=16.04
DISTRIB_CODENAME=xenial
DISTRIB_DESCRIPTION="Ubuntu 16.04 LTS"

uname:Linux 4.4.0-64-generic #85-Ubuntu SMP Mon Feb 20 11:50:30 UTC 2017 x86_64
libc:glibc 2.23 NPTL 2.23 
rlimit: STACK 8192k, CORE 0k, NPROC 5832, NOFILE 65536, AS infinity
load average:3.87 1.90 1.07

/proc/meminfo:
MemTotal:        1532084 kB
MemFree:           66608 kB
MemAvailable:      25104 kB
Buffers:            2196 kB
Cached:            53280 kB
SwapCached:            0 kB
Active:          1317588 kB
Inactive:          36116 kB
Active(anon):    1299300 kB
Inactive(anon):    13528 kB
Active(file):      18288 kB
Inactive(file):    22588 kB
Unevictable:           0 kB
Mlocked:               0 kB
SwapTotal:             0 kB
SwapFree:              0 kB
Dirty:               188 kB
Writeback:             0 kB
AnonPages:       1298284 kB
Mapped:            41616 kB
Shmem:             14564 kB
Slab:              47484 kB
SReclaimable:      22796 kB
SUnreclaim:        24688 kB
KernelStack:        8080 kB
PageTables:        35100 kB
NFS_Unstable:          0 kB
Bounce:                0 kB
WritebackTmp:          0 kB
CommitLimit:      766040 kB
Committed_AS:    4438172 kB
VmallocTotal:   34359738367 kB
VmallocUsed:           0 kB
VmallocChunk:          0 kB
HardwareCorrupted:     0 kB
AnonHugePages:    448512 kB
CmaTotal:              0 kB
CmaFree:               0 kB
HugePages_Total:       0
HugePages_Free:        0
HugePages_Rsvd:        0
HugePages_Surp:        0
Hugepagesize:       2048 kB
DirectMap4k:       71616 kB
DirectMap2M:     1501184 kB


CPU:total 2 (2 cores per cpu, 1 threads per core) family 6 model 58 stepping 9, cmov, cx8, fxsr, mmx, sse, sse2, sse3, ssse3, sse4.1, sse4.2, popcnt, clmul, tsc, tscinvbit, tscinv

/proc/cpuinfo:
processor	: 0
vendor_id	: GenuineIntel
cpu family	: 6
model		: 58
model name	: Intel(R) Celeron(R) CPU 1005M @ 1.90GHz
stepping	: 9
microcode	: 0x19
cpu MHz		: 1895.694
cache size	: 2048 KB
physical id	: 0
siblings	: 2
core id		: 0
cpu cores	: 2
apicid		: 0
initial apicid	: 0
fpu		: yes
fpu_exception	: yes
cpuid level	: 13
wp		: yes
flags		: fpu vme de pse tsc msr pae mce cx8 apic sep mtrr pge mca cmov pat pse36 clflush mmx fxsr sse sse2 ht syscall nx rdtscp lm constant_tsc rep_good nopl xtopology nonstop_tsc pni pclmulqdq ssse3 cx16 sse4_1 sse4_2 x2apic popcnt hypervisor lahf_lm
bugs		:
bogomips	: 3791.38
clflush size	: 64
cache_alignment	: 64
address sizes	: 36 bits physical, 48 bits virtual
power management:

processor	: 1
vendor_id	: GenuineIntel
cpu family	: 6
model		: 58
model name	: Intel(R) Celeron(R) CPU 1005M @ 1.90GHz
stepping	: 9
microcode	: 0x19
cpu MHz		: 1895.694
cache size	: 2048 KB
physical id	: 0
siblings	: 2
core id		: 1
cpu cores	: 2
apicid		: 1
initial apicid	: 1
fpu		: yes
fpu_exception	: yes
cpuid level	: 13
wp		: yes
flags		: fpu vme de pse tsc msr pae mce cx8 apic sep mtrr pge mca cmov pat pse36 clflush mmx fxsr sse sse2 ht syscall nx rdtscp lm constant_tsc rep_good nopl xtopology nonstop_tsc pni pclmulqdq ssse3 cx16 sse4_1 sse4_2 x2apic popcnt hypervisor lahf_lm
bugs		:
bogomips	: 3791.38
clflush size	: 64
cache_alignment	: 64
address sizes	: 36 bits physical, 48 bits virtual
power management:



Memory: 4k page, physical 1532084k(66608k free), swap 0k(0k free)

vm_info: Java HotSpot(TM) 64-Bit Server VM (25.121-b13) for linux-amd64 JRE (1.8.0_121-b13), built on Dec 12 2016 16:36:53 by "java_re" with gcc 4.3.0 20080428 (Red Hat 4.3.0-8)

time: Tue Feb 28 01:59:06 2017
elapsed time: 55 seconds (0d 0h 0m 55s)

